---------------------------------------------------------------
[ 2018-05-24T21:39:24+08:00 ] 127.0.0.1 GET /pet/public/
[ info ] 127.0.0.1/pet/public/ [运行时间：1.967065s][吞吐率：0.51req/s] [内存消耗：3,280.30kb] [文件加载：83]
[ info ] [ CACHE ] INIT File
[ info ] [ BEHAVIOR ] Run cmf\behavior\InitHookBehavior @app_init [ RunTime:0.002885s ]
[ info ] [ LANG ] D:\phpStudy\WWW\pet\simplewind\thinkphp\lang\zh-cn.php
[ info ] [ ROUTE ] array (
  'type' => 'module',
  'module' => 
  array (
    0 => '',
    1 => NULL,
    2 => NULL,
  ),
)
[ info ] [ HEADER ] array (
  'upgrade-insecure-requests' => '1',
  'connection' => 'close',
  'cookie' => 'DUYL_2132_saltkey=tsaACafa; DUYL_2132_lastvisit=1526900871; DUYL_2132_ulastactivity=0785ozJmbPHBV1hP0RAkg%2Fb8Pyg6lPDQL2O%2BDTHTnaNXdc0GiEfK; DUYL_2132_lastcheckfeed=1%7C1526904547; DUYL_2132_nofavfid=1; DUYL_2132_home_readfeed=1526904729; admin_username=liyang',
  'referer' => 'http://127.0.0.1/pet/',
  'accept-encoding' => 'gzip, deflate',
  'accept-language' => 'zh-CN,zh;q=0.8,zh-TW;q=0.7,zh-HK;q=0.5,en-US;q=0.3,en;q=0.2',
  'accept' => 'text/html,application/xhtml+xml,application/xml;q=0.9,*/*;q=0.8',
  'user-agent' => 'Mozilla/5.0 (Windows NT 10.0; WOW64; rv:60.0) Gecko/20100101 Firefox/60.0',
  'host' => '127.0.0.1',
)
[ info ] [ PARAM ] array (
)
[ info ] [ LANG ] D:\phpStudy\WWW\pet\public/../simplewind/cmf/lang\zh-cn.php
[ info ] [ LANG ] D:\phpStudy\WWW\pet\public/../app/admin\lang\zh-cn\common.php
[ info ] [ LANG ] D:\phpStudy\WWW\pet\public/../app/portal\lang\zh-cn\common.php
[ info ] [ BEHAVIOR ] Run cmf\behavior\LangBehavior @app_begin [ RunTime:0.019782s ]
[ info ] [ LANG ] D:\phpStudy\WWW\pet\public/../app/portal\lang\zh-cn.php
[ info ] [ DB ] INIT mysql
[ info ] [ LANG ] D:\phpStudy\WWW\pet\public/../app/portal\lang\zh-cn\home.php
[ info ] [ BEHAVIOR ] Run cmf\behavior\HomeLangBehavior @home_init [ RunTime:0.000877s ]
[ info ] [ RUN ] app\portal\controller\IndexController->index[ D:\phpStudy\WWW\pet\app\portal\controller\IndexController.php ]
[ info ] [ VIEW ] themes/simpleboot3/portal\\index.html [ array (
  0 => 'site_info',
  1 => 'theme_vars',
  2 => 'theme_widgets',
) ]
[ info ] [ SESSION ] INIT array (
  'id' => '',
  'var_session_id' => '',
  'prefix' => 'think',
  'type' => '',
  'auto_start' => true,
)
[ info ] [ LOG ] INIT File
[ sql ] [ DB ] CONNECT:[ UseTime:0.018439s ] mysql:host=127.0.0.1;port=3306;dbname=pet;charset=utf8
[ sql ] [ SQL ] SHOW COLUMNS FROM `pet_option` [ RunTime:0.210834s ]
[ sql ] [ SQL ] SELECT `option_value` FROM `pet_option` WHERE  `option_name` = 'cdn_settings' LIMIT 1 [ RunTime:0.000603s ]
[ sql ] [ SQL ] SHOW COLUMNS FROM `pet_theme_file` [ RunTime:0.074343s ]
[ sql ] [ SQL ] SELECT * FROM `pet_theme_file` WHERE  `theme` = 'simpleboot3'  AND `file` = 'portal/article' LIMIT 1 [ RunTime:0.000575s ]
[ sql ] [ SQL ] UPDATE `pet_theme_file`  SET `theme`='simpleboot3',`action`='portal/Article/index',`file`='portal/article',`name`='文章页',`more`='{\"vars\":{\"hot_articles_category_id\":{\"title\":\"Hot Articles\\u5206\\u7c7bID\",\"value\":\"1\",\"type\":\"text\",\"tip\":\"\",\"rule\":[]}}}',`config_more`='{\"vars\":{\"hot_articles_category_id\":{\"title\":\"Hot Articles\\u5206\\u7c7bID\",\"value\":\"1\",\"type\":\"text\",\"tip\":\"\",\"rule\":[]}}}',`description`='文章页模板文件',`is_public`=0,`list_order`=10  WHERE  `theme` = 'simpleboot3'  AND `file` = 'portal/article' [ RunTime:0.042052s ]
[ sql ] [ SQL ] SELECT * FROM `pet_theme_file` WHERE  `theme` = 'simpleboot3'  AND `file` = 'portal/contact' LIMIT 1 [ RunTime:0.000544s ]
[ sql ] [ SQL ] UPDATE `pet_theme_file`  SET `theme`='simpleboot3',`action`='portal/Page/index',`file`='portal/contact',`name`='联系我们页',`more`='{\"vars\":{\"baidu_map_info_window_text\":{\"title\":\"\\u767e\\u5ea6\\u5730\\u56fe\\u6807\\u6ce8\\u6587\\u5b57\",\"name\":\"baidu_map_info_window_text\",\"value\":\"ThinkCMF<br\\/><span class=\'\'>\\u5730\\u5740\\uff1a\\u4e0a\\u6d77\\u5e02\\u5f90\\u6c47\\u533a\\u659c\\u571f\\u8def2601\\u53f7<\\/span>\",\"type\":\"text\",\"tip\":\"\\u767e\\u5ea6\\u5730\\u56fe\\u6807\\u6ce8\\u6587\\u5b57,\\u652f\\u6301\\u7b80\\u5355html\\u4ee3\\u7801\",\"rule\":[]},\"company_location\":{\"title\":\"\\u516c\\u53f8\\u5750\\u6807\",\"value\":\"\",\"type\":\"location\",\"tip\":\"\",\"rule\":{\"require\":true}},\"address_cn\":{\"title\":\"\\u516c\\u53f8\\u5730\\u5740\",\"value\":\"\\u4e0a\\u6d77\\u5e02\\u5f90\\u6c47\\u533a\\u659c\\u571f\\u8def0001\\u53f7\",\"type\":\"text\",\"tip\":\"\",\"rule\":{\"require\":true}},\"address_en\":{\"title\":\"\\u516c\\u53f8\\u5730\\u5740\\uff08\\u82f1\\u6587\\uff09\",\"value\":\"NO.0001 Xie Tu Road, Shanghai China\",\"type\":\"text\",\"tip\":\"\",\"rule\":{\"require\":true}},\"email\":{\"title\":\"\\u516c\\u53f8\\u90ae\\u7bb1\",\"value\":\"catman@thinkcmf.com\",\"type\":\"text\",\"tip\":\"\",\"rule\":{\"require\":true}},\"phone_cn\":{\"title\":\"\\u516c\\u53f8\\u7535\\u8bdd\",\"value\":\"021 1000 0001\",\"type\":\"text\",\"tip\":\"\",\"rule\":{\"require\":true}},\"phone_en\":{\"title\":\"\\u516c\\u53f8\\u7535\\u8bdd\\uff08\\u82f1\\u6587\\uff09\",\"value\":\"+8621 1000 0001\",\"type\":\"text\",\"tip\":\"\",\"rule\":{\"require\":true}},\"qq\":{\"title\":\"\\u8054\\u7cfbQQ\",\"value\":\"478519726\",\"type\":\"text\",\"tip\":\"\\u591a\\u4e2a QQ\\u4ee5\\u82f1\\u6587\\u9017\\u53f7\\u9694\\u5f00\",\"rule\":{\"require\":true}}}}',`config_more`='{\"vars\":{\"baidu_map_info_window_text\":{\"title\":\"\\u767e\\u5ea6\\u5730\\u56fe\\u6807\\u6ce8\\u6587\\u5b57\",\"name\":\"baidu_map_info_window_text\",\"value\":\"ThinkCMF<br\\/><span class=\'\'>\\u5730\\u5740\\uff1a\\u4e0a\\u6d77\\u5e02\\u5f90\\u6c47\\u533a\\u659c\\u571f\\u8def2601\\u53f7<\\/span>\",\"type\":\"text\",\"tip\":\"\\u767e\\u5ea6\\u5730\\u56fe\\u6807\\u6ce8\\u6587\\u5b57,\\u652f\\u6301\\u7b80\\u5355html\\u4ee3\\u7801\",\"rule\":[]},\"company_location\":{\"title\":\"\\u516c\\u53f8\\u5750\\u6807\",\"value\":\"\",\"type\":\"location\",\"tip\":\"\",\"rule\":{\"require\":true}},\"address_cn\":{\"title\":\"\\u516c\\u53f8\\u5730\\u5740\",\"value\":\"\\u4e0a\\u6d77\\u5e02\\u5f90\\u6c47\\u533a\\u659c\\u571f\\u8def0001\\u53f7\",\"type\":\"text\",\"tip\":\"\",\"rule\":{\"require\":true}},\"address_en\":{\"title\":\"\\u516c\\u53f8\\u5730\\u5740\\uff08\\u82f1\\u6587\\uff09\",\"value\":\"NO.0001 Xie Tu Road, Shanghai China\",\"type\":\"text\",\"tip\":\"\",\"rule\":{\"require\":true}},\"email\":{\"title\":\"\\u516c\\u53f8\\u90ae\\u7bb1\",\"value\":\"catman@thinkcmf.com\",\"type\":\"text\",\"tip\":\"\",\"rule\":{\"require\":true}},\"phone_cn\":{\"title\":\"\\u516c\\u53f8\\u7535\\u8bdd\",\"value\":\"021 1000 0001\",\"type\":\"text\",\"tip\":\"\",\"rule\":{\"require\":true}},\"phone_en\":{\"title\":\"\\u516c\\u53f8\\u7535\\u8bdd\\uff08\\u82f1\\u6587\\uff09\",\"value\":\"+8621 1000 0001\",\"type\":\"text\",\"tip\":\"\",\"rule\":{\"require\":true}},\"qq\":{\"title\":\"\\u8054\\u7cfbQQ\",\"value\":\"478519726\",\"type\":\"text\",\"tip\":\"\\u591a\\u4e2a QQ\\u4ee5\\u82f1\\u6587\\u9017\\u53f7\\u9694\\u5f00\",\"rule\":{\"require\":true}}}}',`description`='联系我们页模板文件',`is_public`=0,`list_order`=10  WHERE  `theme` = 'simpleboot3'  AND `file` = 'portal/contact' [ RunTime:0.042923s ]
[ sql ] [ SQL ] SELECT * FROM `pet_theme_file` WHERE  `theme` = 'simpleboot3'  AND `file` = 'portal/index' LIMIT 1 [ RunTime:0.000596s ]
[ sql ] [ SQL ] UPDATE `pet_theme_file`  SET `theme`='simpleboot3',`action`='portal/Index/index',`file`='portal/index',`name`='首页',`more`='{\"vars\":{\"top_slide\":{\"title\":\"\\u9876\\u90e8\\u5e7b\\u706f\\u7247\",\"value\":\"\",\"type\":\"text\",\"dataSource\":{\"api\":\"admin\\/Slide\\/index\",\"multi\":false},\"placeholder\":\"\\u8bf7\\u9009\\u62e9\\u9876\\u90e8\\u5e7b\\u706f\\u7247\",\"tip\":\"\\u9876\\u90e8\\u5e7b\\u706f\\u7247\",\"rule\":{\"require\":true}}},\"widgets\":{\"features\":{\"title\":\"\\u5feb\\u901f\\u4e86\\u89e3ThinkCMF\",\"display\":\"1\",\"vars\":{\"sub_title\":{\"title\":\"\\u526f\\u6807\\u9898\",\"value\":\"Quickly understand the ThinkCMF\",\"type\":\"text\",\"placeholder\":\"\\u8bf7\\u8f93\\u5165\\u526f\\u6807\\u9898\",\"tip\":\"\",\"rule\":{\"require\":true}},\"features\":{\"title\":\"\\u7279\\u6027\\u4ecb\\u7ecd\",\"value\":[{\"title\":\"MVC\\u5206\\u5c42\\u6a21\\u5f0f\",\"icon\":\"bars\",\"content\":\"\\u4f7f\\u7528MVC\\u5e94\\u7528\\u7a0b\\u5e8f\\u88ab\\u5206\\u6210\\u4e09\\u4e2a\\u6838\\u5fc3\\u90e8\\u4ef6\\uff1a\\u6a21\\u578b\\uff08M\\uff09\\u3001\\u89c6\\u56fe\\uff08V\\uff09\\u3001\\u63a7\\u5236\\u5668\\uff08C\\uff09\\uff0c\\u4ed6\\u4e0d\\u662f\\u4e00\\u4e2a\\u65b0\\u7684\\u6982\\u5ff5\\uff0c\\u53ea\\u662fThinkCMF\\u5c06\\u5176\\u53d1\\u6325\\u5230\\u4e86\\u6781\\u81f4\\u3002\"},{\"title\":\"\\u7528\\u6237\\u7ba1\\u7406\",\"icon\":\"group\",\"content\":\"ThinkCMF\\u5185\\u7f6e\\u4e86\\u7075\\u6d3b\\u7684\\u7528\\u6237\\u7ba1\\u7406\\u65b9\\u5f0f\\uff0c\\u5e76\\u53ef\\u76f4\\u63a5\\u4e0e\\u7b2c\\u4e09\\u65b9\\u7ad9\\u70b9\\u8fdb\\u884c\\u4e92\\u8054\\u4e92\\u901a\\uff0c\\u5982\\u679c\\u4f60\\u613f\\u610f\\u751a\\u81f3\\u53ef\\u4ee5\\u5bf9\\u5355\\u4e2a\\u7528\\u6237\\u6216\\u7fa4\\u4f53\\u7528\\u6237\\u7684\\u884c\\u4e3a\\u8fdb\\u884c\\u8bb0\\u5f55\\u53ca\\u5206\\u4eab\\uff0c\\u4e3a\\u60a8\\u7684\\u8fd0\\u8425\\u51b3\\u7b56\\u63d0\\u4f9b\\u6709\\u6548\\u53c2\\u8003\\u6570\\u636e\\u3002\"},{\"title\":\"\\u4e91\\u7aef\\u90e8\\u7f72\",\"icon\":\"cloud\",\"content\":\"\\u901a\\u8fc7\\u9a71\\u52a8\\u7684\\u65b9\\u5f0f\\u53ef\\u4ee5\\u8f7b\\u677e\\u652f\\u6301\\u4e91\\u5e73\\u53f0\\u7684\\u90e8\\u7f72\\uff0c\\u8ba9\\u4f60\\u7684\\u7f51\\u7ad9\\u65e0\\u7f1d\\u8fc1\\u79fb\\uff0c\\u5185\\u7f6e\\u5df2\\u7ecf\\u652f\\u6301SAE\\u3001BAE\\uff0c\\u6b63\\u5f0f\\u7248\\u5c06\\u5bf9\\u4e91\\u7aef\\u90e8\\u7f72\\u8fdb\\u884c\\u8fdb\\u4e00\\u6b65\\u4f18\\u5316\\u3002\"},{\"title\":\"\\u5b89\\u5168\\u7b56\\u7565\",\"icon\":\"heart\",\"content\":\"\\u63d0\\u4f9b\\u7684\\u7a33\\u5065\\u7684\\u5b89\\u5168\\u7b56\\u7565\\uff0c\\u5305\\u62ec\\u5907\\u4efd\\u6062\\u590d\\uff0c\\u5bb9\\u9519\\uff0c\\u9632\\u6cbb\\u6076\\u610f\\u653b\\u51fb\\u767b\\u9646\\uff0c\\u7f51\\u9875\\u9632\\u7be1\\u6539\\u7b49\\u591a\\u9879\\u5b89\\u5168\\u7ba1\\u7406\\u529f\\u80fd\\uff0c\\u4fdd\\u8bc1\\u7cfb\\u7edf\\u5b89\\u5168\\uff0c\\u53ef\\u9760\\uff0c\\u7a33\\u5b9a\\u7684\\u8fd0\\u884c\\u3002\"},{\"title\":\"\\u5e94\\u7528\\u6a21\\u5757\\u5316\",\"icon\":\"cubes\",\"content\":\"\\u63d0\\u51fa\\u5168\\u65b0\\u7684\\u5e94\\u7528\\u6a21\\u5f0f\\u8fdb\\u884c\\u6269\\u5c55\\uff0c\\u4e0d\\u7ba1\\u662f\\u4f60\\u5f00\\u53d1\\u4e00\\u4e2a\\u5c0f\\u529f\\u80fd\\u8fd8\\u662f\\u4e00\\u4e2a\\u5168\\u65b0\\u7684\\u7ad9\\u70b9\\uff0c\\u5728ThinkCMF\\u4e2d\\u4f60\\u53ea\\u662f\\u589e\\u52a0\\u4e86\\u4e00\\u4e2aAPP\\uff0c\\u6bcf\\u4e2a\\u72ec\\u7acb\\u8fd0\\u884c\\u4e92\\u4e0d\\u5f71\\u54cd\\uff0c\\u4fbf\\u4e8e\\u7075\\u6d3b\\u6269\\u5c55\\u548c\\u4e8c\\u6b21\\u5f00\\u53d1\\u3002\"},{\"title\":\"\\u514d\\u8d39\\u5f00\\u6e90\",\"icon\":\"certificate\",\"content\":\"\\u4ee3\\u7801\\u9075\\u5faaApache2\\u5f00\\u6e90\\u534f\\u8bae\\uff0c\\u514d\\u8d39\\u4f7f\\u7528\\uff0c\\u5bf9\\u5546\\u4e1a\\u7528\\u6237\\u4e5f\\u65e0\\u4efb\\u4f55\\u9650\\u5236\\u3002\"}],\"type\":\"array\",\"item\":{\"title\":{\"title\":\"\\u6807\\u9898\",\"value\":\"\",\"type\":\"text\",\"rule\":{\"require\":true}},\"icon\":{\"title\":\"\\u56fe\\u6807\",\"value\":\"\",\"type\":\"text\"},\"content\":{\"title\":\"\\u63cf\\u8ff0\",\"value\":\"\",\"type\":\"textarea\"}},\"tip\":\"\"}}},\"last_news\":{\"title\":\"\\u6700\\u65b0\\u8d44\\u8baf\",\"display\":\"1\",\"vars\":{\"last_news_category_id\":{\"title\":\"\\u6587\\u7ae0\\u5206\\u7c7bID\",\"value\":\"\",\"type\":\"text\",\"dataSource\":{\"api\":\"portal\\/Category\\/index\",\"multi\":true},\"placeholder\":\"\\u8bf7\\u9009\\u62e9\\u5206\\u7c7b\",\"tip\":\"\",\"rule\":{\"require\":true}}}}}}',`config_more`='{\"vars\":{\"top_slide\":{\"title\":\"\\u9876\\u90e8\\u5e7b\\u706f\\u7247\",\"value\":\"\",\"type\":\"text\",\"dataSource\":{\"api\":\"admin\\/Slide\\/index\",\"multi\":false},\"placeholder\":\"\\u8bf7\\u9009\\u62e9\\u9876\\u90e8\\u5e7b\\u706f\\u7247\",\"tip\":\"\\u9876\\u90e8\\u5e7b\\u706f\\u7247\",\"rule\":{\"require\":true}}},\"widgets\":{\"features\":{\"title\":\"\\u5feb\\u901f\\u4e86\\u89e3ThinkCMF\",\"display\":\"1\",\"vars\":{\"sub_title\":{\"title\":\"\\u526f\\u6807\\u9898\",\"value\":\"Quickly understand the ThinkCMF\",\"type\":\"text\",\"placeholder\":\"\\u8bf7\\u8f93\\u5165\\u526f\\u6807\\u9898\",\"tip\":\"\",\"rule\":{\"require\":true}},\"features\":{\"title\":\"\\u7279\\u6027\\u4ecb\\u7ecd\",\"value\":[{\"title\":\"MVC\\u5206\\u5c42\\u6a21\\u5f0f\",\"icon\":\"bars\",\"content\":\"\\u4f7f\\u7528MVC\\u5e94\\u7528\\u7a0b\\u5e8f\\u88ab\\u5206\\u6210\\u4e09\\u4e2a\\u6838\\u5fc3\\u90e8\\u4ef6\\uff1a\\u6a21\\u578b\\uff08M\\uff09\\u3001\\u89c6\\u56fe\\uff08V\\uff09\\u3001\\u63a7\\u5236\\u5668\\uff08C\\uff09\\uff0c\\u4ed6\\u4e0d\\u662f\\u4e00\\u4e2a\\u65b0\\u7684\\u6982\\u5ff5\\uff0c\\u53ea\\u662fThinkCMF\\u5c06\\u5176\\u53d1\\u6325\\u5230\\u4e86\\u6781\\u81f4\\u3002\"},{\"title\":\"\\u7528\\u6237\\u7ba1\\u7406\",\"icon\":\"group\",\"content\":\"ThinkCMF\\u5185\\u7f6e\\u4e86\\u7075\\u6d3b\\u7684\\u7528\\u6237\\u7ba1\\u7406\\u65b9\\u5f0f\\uff0c\\u5e76\\u53ef\\u76f4\\u63a5\\u4e0e\\u7b2c\\u4e09\\u65b9\\u7ad9\\u70b9\\u8fdb\\u884c\\u4e92\\u8054\\u4e92\\u901a\\uff0c\\u5982\\u679c\\u4f60\\u613f\\u610f\\u751a\\u81f3\\u53ef\\u4ee5\\u5bf9\\u5355\\u4e2a\\u7528\\u6237\\u6216\\u7fa4\\u4f53\\u7528\\u6237\\u7684\\u884c\\u4e3a\\u8fdb\\u884c\\u8bb0\\u5f55\\u53ca\\u5206\\u4eab\\uff0c\\u4e3a\\u60a8\\u7684\\u8fd0\\u8425\\u51b3\\u7b56\\u63d0\\u4f9b\\u6709\\u6548\\u53c2\\u8003\\u6570\\u636e\\u3002\"},{\"title\":\"\\u4e91\\u7aef\\u90e8\\u7f72\",\"icon\":\"cloud\",\"content\":\"\\u901a\\u8fc7\\u9a71\\u52a8\\u7684\\u65b9\\u5f0f\\u53ef\\u4ee5\\u8f7b\\u677e\\u652f\\u6301\\u4e91\\u5e73\\u53f0\\u7684\\u90e8\\u7f72\\uff0c\\u8ba9\\u4f60\\u7684\\u7f51\\u7ad9\\u65e0\\u7f1d\\u8fc1\\u79fb\\uff0c\\u5185\\u7f6e\\u5df2\\u7ecf\\u652f\\u6301SAE\\u3001BAE\\uff0c\\u6b63\\u5f0f\\u7248\\u5c06\\u5bf9\\u4e91\\u7aef\\u90e8\\u7f72\\u8fdb\\u884c\\u8fdb\\u4e00\\u6b65\\u4f18\\u5316\\u3002\"},{\"title\":\"\\u5b89\\u5168\\u7b56\\u7565\",\"icon\":\"heart\",\"content\":\"\\u63d0\\u4f9b\\u7684\\u7a33\\u5065\\u7684\\u5b89\\u5168\\u7b56\\u7565\\uff0c\\u5305\\u62ec\\u5907\\u4efd\\u6062\\u590d\\uff0c\\u5bb9\\u9519\\uff0c\\u9632\\u6cbb\\u6076\\u610f\\u653b\\u51fb\\u767b\\u9646\\uff0c\\u7f51\\u9875\\u9632\\u7be1\\u6539\\u7b49\\u591a\\u9879\\u5b89\\u5168\\u7ba1\\u7406\\u529f\\u80fd\\uff0c\\u4fdd\\u8bc1\\u7cfb\\u7edf\\u5b89\\u5168\\uff0c\\u53ef\\u9760\\uff0c\\u7a33\\u5b9a\\u7684\\u8fd0\\u884c\\u3002\"},{\"title\":\"\\u5e94\\u7528\\u6a21\\u5757\\u5316\",\"icon\":\"cubes\",\"content\":\"\\u63d0\\u51fa\\u5168\\u65b0\\u7684\\u5e94\\u7528\\u6a21\\u5f0f\\u8fdb\\u884c\\u6269\\u5c55\\uff0c\\u4e0d\\u7ba1\\u662f\\u4f60\\u5f00\\u53d1\\u4e00\\u4e2a\\u5c0f\\u529f\\u80fd\\u8fd8\\u662f\\u4e00\\u4e2a\\u5168\\u65b0\\u7684\\u7ad9\\u70b9\\uff0c\\u5728ThinkCMF\\u4e2d\\u4f60\\u53ea\\u662f\\u589e\\u52a0\\u4e86\\u4e00\\u4e2aAPP\\uff0c\\u6bcf\\u4e2a\\u72ec\\u7acb\\u8fd0\\u884c\\u4e92\\u4e0d\\u5f71\\u54cd\\uff0c\\u4fbf\\u4e8e\\u7075\\u6d3b\\u6269\\u5c55\\u548c\\u4e8c\\u6b21\\u5f00\\u53d1\\u3002\"},{\"title\":\"\\u514d\\u8d39\\u5f00\\u6e90\",\"icon\":\"certificate\",\"content\":\"\\u4ee3\\u7801\\u9075\\u5faaApache2\\u5f00\\u6e90\\u534f\\u8bae\\uff0c\\u514d\\u8d39\\u4f7f\\u7528\\uff0c\\u5bf9\\u5546\\u4e1a\\u7528\\u6237\\u4e5f\\u65e0\\u4efb\\u4f55\\u9650\\u5236\\u3002\"}],\"type\":\"array\",\"item\":{\"title\":{\"title\":\"\\u6807\\u9898\",\"value\":\"\",\"type\":\"text\",\"rule\":{\"require\":true}},\"icon\":{\"title\":\"\\u56fe\\u6807\",\"value\":\"\",\"type\":\"text\"},\"content\":{\"title\":\"\\u63cf\\u8ff0\",\"value\":\"\",\"type\":\"textarea\"}},\"tip\":\"\"}}},\"last_news\":{\"title\":\"\\u6700\\u65b0\\u8d44\\u8baf\",\"display\":\"1\",\"vars\":{\"last_news_category_id\":{\"title\":\"\\u6587\\u7ae0\\u5206\\u7c7bID\",\"value\":\"\",\"type\":\"text\",\"dataSource\":{\"api\":\"portal\\/Category\\/index\",\"multi\":true},\"placeholder\":\"\\u8bf7\\u9009\\u62e9\\u5206\\u7c7b\",\"tip\":\"\",\"rule\":{\"require\":true}}}}}}',`description`='首页模板文件',`is_public`=0,`list_order`=5  WHERE  `theme` = 'simpleboot3'  AND `file` = 'portal/index' [ RunTime:0.053649s ]
[ sql ] [ SQL ] SELECT * FROM `pet_theme_file` WHERE  `theme` = 'simpleboot3'  AND `file` = 'portal/list' LIMIT 1 [ RunTime:0.000515s ]
[ sql ] [ SQL ] UPDATE `pet_theme_file`  SET `theme`='simpleboot3',`action`='portal/List/index',`file`='portal/list',`name`='文章列表页',`more`='{\"vars\":[],\"widgets\":{\"hottest_articles\":{\"title\":\"\\u70ed\\u95e8\\u6587\\u7ae0\",\"display\":\"1\",\"vars\":{\"hottest_articles_category_id\":{\"title\":\"\\u6587\\u7ae0\\u5206\\u7c7bID\",\"value\":\"\",\"type\":\"text\",\"dataSource\":{\"api\":\"portal\\/category\\/index\",\"multi\":true},\"placeholder\":\"\\u8bf7\\u9009\\u62e9\\u5206\\u7c7b\",\"tip\":\"\",\"rule\":{\"require\":true}}}},\"last_articles\":{\"title\":\"\\u6700\\u65b0\\u53d1\\u5e03\",\"display\":\"1\",\"vars\":{\"last_articles_category_id\":{\"title\":\"\\u6587\\u7ae0\\u5206\\u7c7bID\",\"value\":\"\",\"type\":\"text\",\"dataSource\":{\"api\":\"portal\\/category\\/index\",\"multi\":true},\"placeholder\":\"\\u8bf7\\u9009\\u62e9\\u5206\\u7c7b\",\"tip\":\"\",\"rule\":{\"require\":true}}}}}}',`config_more`='{\"vars\":[],\"widgets\":{\"hottest_articles\":{\"title\":\"\\u70ed\\u95e8\\u6587\\u7ae0\",\"display\":\"1\",\"vars\":{\"hottest_articles_category_id\":{\"title\":\"\\u6587\\u7ae0\\u5206\\u7c7bID\",\"value\":\"\",\"type\":\"text\",\"dataSource\":{\"api\":\"portal\\/category\\/index\",\"multi\":true},\"placeholder\":\"\\u8bf7\\u9009\\u62e9\\u5206\\u7c7b\",\"tip\":\"\",\"rule\":{\"require\":true}}}},\"last_articles\":{\"title\":\"\\u6700\\u65b0\\u53d1\\u5e03\",\"display\":\"1\",\"vars\":{\"last_articles_category_id\":{\"title\":\"\\u6587\\u7ae0\\u5206\\u7c7bID\",\"value\":\"\",\"type\":\"text\",\"dataSource\":{\"api\":\"portal\\/category\\/index\",\"multi\":true},\"placeholder\":\"\\u8bf7\\u9009\\u62e9\\u5206\\u7c7b\",\"tip\":\"\",\"rule\":{\"require\":true}}}}}}',`description`='文章列表模板文件',`is_public`=0,`list_order`=10  WHERE  `theme` = 'simpleboot3'  AND `file` = 'portal/list' [ RunTime:0.054153s ]
[ sql ] [ SQL ] SELECT * FROM `pet_theme_file` WHERE  `theme` = 'simpleboot3'  AND `file` = 'portal/page' LIMIT 1 [ RunTime:0.000523s ]
[ sql ] [ SQL ] UPDATE `pet_theme_file`  SET `theme`='simpleboot3',`action`='portal/Page/index',`file`='portal/page',`name`='单页面',`more`='{\"widgets\":{\"hottest_articles\":{\"title\":\"\\u70ed\\u95e8\\u6587\\u7ae0\",\"display\":\"1\",\"vars\":{\"hottest_articles_category_id\":{\"title\":\"\\u6587\\u7ae0\\u5206\\u7c7bID\",\"value\":\"\",\"type\":\"text\",\"dataSource\":{\"api\":\"portal\\/category\\/index\",\"multi\":true},\"placeholder\":\"\\u8bf7\\u9009\\u62e9\\u5206\\u7c7b\",\"tip\":\"\",\"rule\":{\"require\":true}}}},\"last_articles\":{\"title\":\"\\u6700\\u65b0\\u53d1\\u5e03\",\"display\":\"1\",\"vars\":{\"last_articles_category_id\":{\"title\":\"\\u6587\\u7ae0\\u5206\\u7c7bID\",\"value\":\"\",\"type\":\"text\",\"dataSource\":{\"api\":\"portal\\/category\\/index\",\"multi\":true},\"placeholder\":\"\\u8bf7\\u9009\\u62e9\\u5206\\u7c7b\",\"tip\":\"\",\"rule\":{\"require\":true}}}}}}',`config_more`='{\"widgets\":{\"hottest_articles\":{\"title\":\"\\u70ed\\u95e8\\u6587\\u7ae0\",\"display\":\"1\",\"vars\":{\"hottest_articles_category_id\":{\"title\":\"\\u6587\\u7ae0\\u5206\\u7c7bID\",\"value\":\"\",\"type\":\"text\",\"dataSource\":{\"api\":\"portal\\/category\\/index\",\"multi\":true},\"placeholder\":\"\\u8bf7\\u9009\\u62e9\\u5206\\u7c7b\",\"tip\":\"\",\"rule\":{\"require\":true}}}},\"last_articles\":{\"title\":\"\\u6700\\u65b0\\u53d1\\u5e03\",\"display\":\"1\",\"vars\":{\"last_articles_category_id\":{\"title\":\"\\u6587\\u7ae0\\u5206\\u7c7bID\",\"value\":\"\",\"type\":\"text\",\"dataSource\":{\"api\":\"portal\\/category\\/index\",\"multi\":true},\"placeholder\":\"\\u8bf7\\u9009\\u62e9\\u5206\\u7c7b\",\"tip\":\"\",\"rule\":{\"require\":true}}}}}}',`description`='单页面模板文件',`is_public`=0,`list_order`=10  WHERE  `theme` = 'simpleboot3'  AND `file` = 'portal/page' [ RunTime:0.041711s ]
[ sql ] [ SQL ] SELECT * FROM `pet_theme_file` WHERE  `theme` = 'simpleboot3'  AND `file` = 'portal/search' LIMIT 1 [ RunTime:0.000499s ]
[ sql ] [ SQL ] UPDATE `pet_theme_file`  SET `theme`='simpleboot3',`action`='portal/search/index',`file`='portal/search',`name`='搜索页面',`more`='{\"vars\":{\"varName1\":{\"title\":\"\\u70ed\\u95e8\\u641c\\u7d22\",\"value\":\"1\",\"type\":\"text\",\"tip\":\"\\u8fd9\\u662f\\u4e00\\u4e2atext\",\"rule\":{\"require\":true}}}}',`config_more`='{\"vars\":{\"varName1\":{\"title\":\"\\u70ed\\u95e8\\u641c\\u7d22\",\"value\":\"1\",\"type\":\"text\",\"tip\":\"\\u8fd9\\u662f\\u4e00\\u4e2atext\",\"rule\":{\"require\":true}}}}',`description`='搜索模板文件',`is_public`=0,`list_order`=10  WHERE  `theme` = 'simpleboot3'  AND `file` = 'portal/search' [ RunTime:0.055456s ]
[ sql ] [ SQL ] SELECT * FROM `pet_theme_file` WHERE  `theme` = 'simpleboot3'  AND `file` = 'public/config' LIMIT 1 [ RunTime:0.000586s ]
[ sql ] [ SQL ] UPDATE `pet_theme_file`  SET `theme`='simpleboot3',`action`='public/Config',`file`='public/config',`name`='模板全局配置',`more`='{\"vars\":{\"enable_mobile\":{\"title\":\"\\u624b\\u673a\\u6ce8\\u518c\",\"value\":1,\"type\":\"select\",\"options\":{\"1\":\"\\u5f00\\u542f\",\"0\":\"\\u5173\\u95ed\"},\"tip\":\"\"}}}',`config_more`='{\"vars\":{\"enable_mobile\":{\"title\":\"\\u624b\\u673a\\u6ce8\\u518c\",\"value\":1,\"type\":\"select\",\"options\":{\"1\":\"\\u5f00\\u542f\",\"0\":\"\\u5173\\u95ed\"},\"tip\":\"\"}}}',`description`='模板全局配置文件',`is_public`=1,`list_order`=0  WHERE  `theme` = 'simpleboot3'  AND `file` = 'public/config' [ RunTime:0.053408s ]
[ sql ] [ SQL ] SELECT * FROM `pet_theme_file` WHERE  `theme` = 'simpleboot3'  AND `file` = 'public/nav' LIMIT 1 [ RunTime:0.000525s ]
[ sql ] [ SQL ] UPDATE `pet_theme_file`  SET `theme`='simpleboot3',`action`='public/Nav',`file`='public/nav',`name`='导航条',`more`='{\"vars\":{\"company_name\":{\"title\":\"\\u516c\\u53f8\\u540d\\u79f0\",\"name\":\"company_name\",\"value\":\"ThinkCMF\",\"type\":\"text\",\"tip\":\"\",\"rule\":[]}}}',`config_more`='{\"vars\":{\"company_name\":{\"title\":\"\\u516c\\u53f8\\u540d\\u79f0\",\"name\":\"company_name\",\"value\":\"ThinkCMF\",\"type\":\"text\",\"tip\":\"\",\"rule\":[]}}}',`description`='导航条模板文件',`is_public`=1,`list_order`=1  WHERE  `theme` = 'simpleboot3'  AND `file` = 'public/nav' [ RunTime:0.054349s ]
[ sql ] [ SQL ] SELECT * FROM `pet_theme_file` WHERE  `theme` = 'simpleboot3' [ RunTime:0.000595s ]
[ sql ] [ SQL ] SHOW COLUMNS FROM `pet_theme` [ RunTime:0.117546s ]
[ sql ] [ SQL ] UPDATE `pet_theme`  SET `name`='simpleboot3',`version`='1.0.2',`demo_url`='http://demo.thinkcmf.com',`author`='ThinkCMF',`lang`='zh-cn',`author_url`='http://www.thinkcmf.com',`keywords`='ThinkCMF模板',`description`='ThinkCMF默认模板'  WHERE  `theme` = 'simpleboot3' [ RunTime:0.057627s ]
[ sql ] [ SQL ] SELECT `more` FROM `pet_theme_file` WHERE  `theme` = 'simpleboot3'  AND (  `is_public` = 1 OR `file` = 'portal/index' ) [ RunTime:0.000463s ]
[ sql ] [ SQL ] SHOW COLUMNS FROM `pet_nav` [ RunTime:0.059451s ]
[ sql ] [ SQL ] SELECT `id` FROM `pet_nav` WHERE  `is_main` = 1 LIMIT 1 [ RunTime:0.001605s ]
[ sql ] [ SQL ] SHOW COLUMNS FROM `pet_nav_menu` [ RunTime:0.007472s ]
[ sql ] [ SQL ] SELECT * FROM `pet_nav_menu` WHERE  `nav_id` = 1  AND `status` = 1 ORDER BY `list_order` ASC [ RunTime:0.000441s ]
[ sql ] [ SQL ] SHOW COLUMNS FROM `pet_slide` [ RunTime:0.026275s ]
[ sql ] [ SQL ] SELECT COUNT(*) AS tp_count FROM `pet_slide` WHERE  `id` = 1  AND `status` = 1  AND `delete_time` = 0 LIMIT 1 [ RunTime:0.000458s ]
[ sql ] [ SQL ] SHOW COLUMNS FROM `pet_portal_post` [ RunTime:0.064355s ]
[ sql ] [ SQL ] SELECT post.*,min(category_post.category_id) as category_id FROM `pet_portal_post` `post` INNER JOIN `pet_portal_category_post` `category_post` ON `post`.`id`=`category_post`.`post_id` WHERE  ( `post`.`published_time` >  '0' AND `post`.`published_time` < 1527169163 )  AND `post`.`post_status` = 1  AND `post`.`post_type` = 1  AND `post`.`delete_time` = 0  AND `category_post`.`category_id` = '1' GROUP BY `post`.`id` ORDER BY `post`.`published_time` DESC LIMIT 4 [ RunTime:0.005618s ]
[ sql ] [ SQL ] SHOW COLUMNS FROM `pet_link` [ RunTime:0.049447s ]
[ sql ] [ SQL ] SELECT * FROM `pet_link` WHERE  `status` = 1 ORDER BY `list_order` ASC [ RunTime:0.000536s ]
---------------------------------------------------------------
[ 2018-05-24T21:39:24+08:00 ] 127.0.0.1 POST /pet/public/user/index/islogin.html
[ info ] 127.0.0.1/pet/public/user/index/islogin.html [运行时间：0.072109s][吞吐率：13.87req/s] [内存消耗：2,292.93kb] [文件加载：66]
[ info ] [ CACHE ] INIT File
[ info ] [ BEHAVIOR ] Run cmf\behavior\InitHookBehavior @app_init [ RunTime:0.005962s ]
[ info ] [ LANG ] D:\phpStudy\WWW\pet\simplewind\thinkphp\lang\zh-cn.php
[ info ] [ ROUTE ] array (
  'type' => 'module',
  'module' => 
  array (
    0 => 'user',
    1 => 'index',
    2 => 'islogin',
  ),
)
[ info ] [ HEADER ] array (
  'content-length' => '0',
  'connection' => 'close',
  'cookie' => 'thinkphp_show_page_trace=0|0; DUYL_2132_saltkey=tsaACafa; DUYL_2132_lastvisit=1526900871; DUYL_2132_ulastactivity=0785ozJmbPHBV1hP0RAkg%2Fb8Pyg6lPDQL2O%2BDTHTnaNXdc0GiEfK; DUYL_2132_lastcheckfeed=1%7C1526904547; DUYL_2132_nofavfid=1; DUYL_2132_home_readfeed=1526904729; admin_username=liyang; PHPSESSID=5og2rqjeep8v2draileuhk4b82',
  'x-requested-with' => 'XMLHttpRequest',
  'referer' => 'http://127.0.0.1/pet/public/',
  'accept-encoding' => 'gzip, deflate',
  'accept-language' => 'zh-CN,zh;q=0.8,zh-TW;q=0.7,zh-HK;q=0.5,en-US;q=0.3,en;q=0.2',
  'accept' => '*/*',
  'user-agent' => 'Mozilla/5.0 (Windows NT 10.0; WOW64; rv:60.0) Gecko/20100101 Firefox/60.0',
  'host' => '127.0.0.1',
)
[ info ] [ PARAM ] array (
)
[ info ] [ LANG ] D:\phpStudy\WWW\pet\public/../simplewind/cmf/lang\zh-cn.php
[ info ] [ LANG ] D:\phpStudy\WWW\pet\public/../app/admin\lang\zh-cn\common.php
[ info ] [ LANG ] D:\phpStudy\WWW\pet\public/../app/portal\lang\zh-cn\common.php
[ info ] [ BEHAVIOR ] Run cmf\behavior\LangBehavior @app_begin [ RunTime:0.001529s ]
[ info ] [ LANG ] D:\phpStudy\WWW\pet\public/../app/user\lang\zh-cn.php
[ info ] [ DB ] INIT mysql
[ info ] [ LANG ] D:\phpStudy\WWW\pet\public/../app/portal\lang\zh-cn\home.php
[ info ] [ BEHAVIOR ] Run cmf\behavior\HomeLangBehavior @home_init [ RunTime:0.000931s ]
[ info ] [ RUN ] app\user\controller\IndexController->isLogin[ D:\phpStudy\WWW\pet\app\user\controller\IndexController.php ]
[ info ] [ SESSION ] INIT array (
  'id' => '',
  'var_session_id' => '',
  'prefix' => 'think',
  'type' => '',
  'auto_start' => true,
)
[ info ] [ LOG ] INIT File
[ sql ] [ DB ] CONNECT:[ UseTime:0.002315s ] mysql:host=127.0.0.1;port=3306;dbname=pet;charset=utf8
[ sql ] [ SQL ] SHOW COLUMNS FROM `pet_option` [ RunTime:0.006227s ]
[ sql ] [ SQL ] SELECT `option_value` FROM `pet_option` WHERE  `option_name` = 'cdn_settings' LIMIT 1 [ RunTime:0.000334s ]
---------------------------------------------------------------
[ 2018-05-24T21:39:27+08:00 ] 127.0.0.1 GET /pet/public/admin/
[ info ] 127.0.0.1/pet/public/admin/ [运行时间：0.167731s][吞吐率：5.96req/s] [内存消耗：2,336.45kb] [文件加载：67]
[ info ] [ CACHE ] INIT File
[ info ] [ BEHAVIOR ] Run cmf\behavior\InitHookBehavior @app_init [ RunTime:0.005551s ]
[ info ] [ LANG ] D:\phpStudy\WWW\pet\simplewind\thinkphp\lang\zh-cn.php
[ info ] [ ROUTE ] array (
  'type' => 'module',
  'module' => 
  array (
    0 => 'admin',
    1 => NULL,
    2 => NULL,
  ),
)
[ info ] [ HEADER ] array (
  'upgrade-insecure-requests' => '1',
  'connection' => 'close',
  'cookie' => 'thinkphp_show_page_trace=0|0; DUYL_2132_saltkey=tsaACafa; DUYL_2132_lastvisit=1526900871; DUYL_2132_ulastactivity=0785ozJmbPHBV1hP0RAkg%2Fb8Pyg6lPDQL2O%2BDTHTnaNXdc0GiEfK; DUYL_2132_lastcheckfeed=1%7C1526904547; DUYL_2132_nofavfid=1; DUYL_2132_home_readfeed=1526904729; admin_username=liyang; PHPSESSID=5og2rqjeep8v2draileuhk4b82',
  'accept-encoding' => 'gzip, deflate',
  'accept-language' => 'zh-CN,zh;q=0.8,zh-TW;q=0.7,zh-HK;q=0.5,en-US;q=0.3,en;q=0.2',
  'accept' => 'text/html,application/xhtml+xml,application/xml;q=0.9,*/*;q=0.8',
  'user-agent' => 'Mozilla/5.0 (Windows NT 10.0; WOW64; rv:60.0) Gecko/20100101 Firefox/60.0',
  'host' => '127.0.0.1',
)
[ info ] [ PARAM ] array (
)
[ info ] [ LANG ] D:\phpStudy\WWW\pet\public/../simplewind/cmf/lang\zh-cn.php
[ info ] [ LANG ] D:\phpStudy\WWW\pet\public/../app/admin\lang\zh-cn\common.php
[ info ] [ LANG ] D:\phpStudy\WWW\pet\public/../app/portal\lang\zh-cn\common.php
[ info ] [ BEHAVIOR ] Run cmf\behavior\LangBehavior @app_begin [ RunTime:0.001003s ]
[ info ] [ LANG ] D:\phpStudy\WWW\pet\public/../app/admin\lang\zh-cn.php
[ info ] [ DB ] INIT mysql
[ info ] [ SESSION ] INIT array (
  'id' => '',
  'var_session_id' => '',
  'prefix' => 'think',
  'type' => '',
  'auto_start' => true,
)
[ info ] [ LANG ] D:\phpStudy\WWW\pet\public/../app/admin\lang\zh-cn\admin_menu.php
[ info ] [ LANG ] D:\phpStudy\WWW\pet\public/../app/admin\lang\zh-cn\admin.php
[ info ] [ LANG ] D:\phpStudy\WWW\pet\public/../app/user\lang\zh-cn\admin_menu.php
[ info ] [ LANG ] D:\phpStudy\WWW\pet\public/../data/lang/zh-cn/admin_menu.php
[ info ] [ BEHAVIOR ] Run cmf\behavior\AdminLangBehavior @admin_init [ RunTime:0.046856s ]
[ info ] [ LOG ] INIT File
[ sql ] [ DB ] CONNECT:[ UseTime:0.002605s ] mysql:host=127.0.0.1;port=3306;dbname=pet;charset=utf8
[ sql ] [ SQL ] SHOW COLUMNS FROM `pet_option` [ RunTime:0.011996s ]
[ sql ] [ SQL ] SELECT `option_value` FROM `pet_option` WHERE  `option_name` = 'cdn_settings' LIMIT 1 [ RunTime:0.000549s ]
[ sql ] [ SQL ] SELECT `option_value` FROM `pet_option` WHERE  `option_name` = 'admin_settings' LIMIT 1 [ RunTime:0.000732s ]
---------------------------------------------------------------
[ 2018-05-24T21:39:27+08:00 ] 127.0.0.1 GET /pet/public/admin/public/login.html
[ info ] 127.0.0.1/pet/public/admin/public/login.html [运行时间：0.160703s][吞吐率：6.22req/s] [内存消耗：2,532.56kb] [文件加载：69]
[ info ] [ CACHE ] INIT File
[ info ] [ BEHAVIOR ] Run cmf\behavior\InitHookBehavior @app_init [ RunTime:0.001634s ]
[ info ] [ LANG ] D:\phpStudy\WWW\pet\simplewind\thinkphp\lang\zh-cn.php
[ info ] [ ROUTE ] array (
  'type' => 'module',
  'module' => 
  array (
    0 => 'admin',
    1 => 'public',
    2 => 'login',
  ),
)
[ info ] [ HEADER ] array (
  'upgrade-insecure-requests' => '1',
  'connection' => 'close',
  'cookie' => 'thinkphp_show_page_trace=0|0; DUYL_2132_saltkey=tsaACafa; DUYL_2132_lastvisit=1526900871; DUYL_2132_ulastactivity=0785ozJmbPHBV1hP0RAkg%2Fb8Pyg6lPDQL2O%2BDTHTnaNXdc0GiEfK; DUYL_2132_lastcheckfeed=1%7C1526904547; DUYL_2132_nofavfid=1; DUYL_2132_home_readfeed=1526904729; admin_username=liyang; PHPSESSID=5og2rqjeep8v2draileuhk4b82',
  'accept-encoding' => 'gzip, deflate',
  'accept-language' => 'zh-CN,zh;q=0.8,zh-TW;q=0.7,zh-HK;q=0.5,en-US;q=0.3,en;q=0.2',
  'accept' => 'text/html,application/xhtml+xml,application/xml;q=0.9,*/*;q=0.8',
  'user-agent' => 'Mozilla/5.0 (Windows NT 10.0; WOW64; rv:60.0) Gecko/20100101 Firefox/60.0',
  'host' => '127.0.0.1',
)
[ info ] [ PARAM ] array (
)
[ info ] [ LANG ] D:\phpStudy\WWW\pet\public/../simplewind/cmf/lang\zh-cn.php
[ info ] [ LANG ] D:\phpStudy\WWW\pet\public/../app/admin\lang\zh-cn\common.php
[ info ] [ LANG ] D:\phpStudy\WWW\pet\public/../app/portal\lang\zh-cn\common.php
[ info ] [ BEHAVIOR ] Run cmf\behavior\LangBehavior @app_begin [ RunTime:0.000908s ]
[ info ] [ LANG ] D:\phpStudy\WWW\pet\public/../app/admin\lang\zh-cn.php
[ info ] [ DB ] INIT mysql
[ info ] [ RUN ] app\admin\controller\PublicController->login[ D:\phpStudy\WWW\pet\app\admin\controller\PublicController.php ]
[ info ] [ SESSION ] INIT array (
  'id' => '',
  'var_session_id' => '',
  'prefix' => 'think',
  'type' => '',
  'auto_start' => true,
)
[ info ] [ VIEW ] themes/admin_simpleboot3/admin\\login.html [ array (
) ]
[ info ] [ LOG ] INIT File
[ sql ] [ DB ] CONNECT:[ UseTime:0.010863s ] mysql:host=127.0.0.1;port=3306;dbname=pet;charset=utf8
[ sql ] [ SQL ] SHOW COLUMNS FROM `pet_option` [ RunTime:0.013524s ]
[ sql ] [ SQL ] SELECT `option_value` FROM `pet_option` WHERE  `option_name` = 'cdn_settings' LIMIT 1 [ RunTime:0.000381s ]
[ sql ] [ SQL ] SELECT `option_value` FROM `pet_option` WHERE  `option_name` = 'admin_settings' LIMIT 1 [ RunTime:0.000470s ]
[ sql ] [ SQL ] SELECT `option_value` FROM `pet_option` WHERE  `option_name` = 'admin_settings' LIMIT 1 [ RunTime:0.000399s ]
---------------------------------------------------------------
[ 2018-05-24T21:39:27+08:00 ] 127.0.0.1 GET /pet/public/captcha/new.html?height=32&width=150&font_size=18
[ info ] 127.0.0.1/pet/public/captcha/new.html?height=32&width=150&font_size=18 [运行时间：0.102125s][吞吐率：9.79req/s] [内存消耗：1,464.76kb] [文件加载：48]
[ info ] [ CACHE ] INIT File
[ info ] [ BEHAVIOR ] Run cmf\behavior\InitHookBehavior @app_init [ RunTime:0.002559s ]
[ info ] [ LANG ] D:\phpStudy\WWW\pet\simplewind\thinkphp\lang\zh-cn.php
[ info ] [ ROUTE ] array (
  'type' => 'method',
  'method' => 
  array (
    0 => '\\cmf\\controller\\CaptchaController',
    1 => 'index',
  ),
  'var' => 
  array (
  ),
)
[ info ] [ HEADER ] array (
  'connection' => 'close',
  'cookie' => 'thinkphp_show_page_trace=0|0; DUYL_2132_saltkey=tsaACafa; DUYL_2132_lastvisit=1526900871; DUYL_2132_ulastactivity=0785ozJmbPHBV1hP0RAkg%2Fb8Pyg6lPDQL2O%2BDTHTnaNXdc0GiEfK; DUYL_2132_lastcheckfeed=1%7C1526904547; DUYL_2132_nofavfid=1; DUYL_2132_home_readfeed=1526904729; admin_username=liyang; PHPSESSID=5og2rqjeep8v2draileuhk4b82',
  'referer' => 'http://127.0.0.1/pet/public/admin/public/login.html',
  'accept-encoding' => 'gzip, deflate',
  'accept-language' => 'zh-CN,zh;q=0.8,zh-TW;q=0.7,zh-HK;q=0.5,en-US;q=0.3,en;q=0.2',
  'accept' => '*/*',
  'user-agent' => 'Mozilla/5.0 (Windows NT 10.0; WOW64; rv:60.0) Gecko/20100101 Firefox/60.0',
  'host' => '127.0.0.1',
)
[ info ] [ PARAM ] array (
  'height' => '32',
  'width' => '150',
  'font_size' => '18',
)
[ info ] [ LANG ] D:\phpStudy\WWW\pet\public/../simplewind/cmf/lang\zh-cn.php
[ info ] [ LANG ] D:\phpStudy\WWW\pet\public/../app/admin\lang\zh-cn\common.php
[ info ] [ LANG ] D:\phpStudy\WWW\pet\public/../app/portal\lang\zh-cn\common.php
[ info ] [ BEHAVIOR ] Run cmf\behavior\LangBehavior @app_begin [ RunTime:0.001094s ]
[ info ] [ RUN ] cmf\controller\CaptchaController->index[ D:\phpStudy\WWW\pet\simplewind\cmf\controller\CaptchaController.php ]
[ info ] [ SESSION ] INIT array (
  'id' => '',
  'var_session_id' => '',
  'prefix' => 'think',
  'type' => '',
  'auto_start' => true,
)
[ info ] [ LOG ] INIT File
---------------------------------------------------------------
[ 2018-05-24T21:39:34+08:00 ] 127.0.0.1 POST /pet/public/admin/public/dologin.html
[ info ] 127.0.0.1/pet/public/admin/public/dologin.html [运行时间：0.233097s][吞吐率：4.29req/s] [内存消耗：2,441.43kb] [文件加载：67]
[ info ] [ CACHE ] INIT File
[ info ] [ BEHAVIOR ] Run cmf\behavior\InitHookBehavior @app_init [ RunTime:0.002481s ]
[ info ] [ LANG ] D:\phpStudy\WWW\pet\simplewind\thinkphp\lang\zh-cn.php
[ info ] [ ROUTE ] array (
  'type' => 'module',
  'module' => 
  array (
    0 => 'admin',
    1 => 'public',
    2 => 'dologin',
  ),
)
[ info ] [ HEADER ] array (
  'connection' => 'close',
  'cookie' => 'thinkphp_show_page_trace=0|0; thinkphp_show_page_trace=0|0; DUYL_2132_saltkey=tsaACafa; DUYL_2132_lastvisit=1526900871; DUYL_2132_ulastactivity=0785ozJmbPHBV1hP0RAkg%2Fb8Pyg6lPDQL2O%2BDTHTnaNXdc0GiEfK; DUYL_2132_lastcheckfeed=1%7C1526904547; DUYL_2132_nofavfid=1; DUYL_2132_home_readfeed=1526904729; admin_username=liyang; PHPSESSID=5og2rqjeep8v2draileuhk4b82',
  'content-length' => '73',
  'x-requested-with' => 'XMLHttpRequest',
  'content-type' => 'application/x-www-form-urlencoded; charset=UTF-8',
  'referer' => 'http://127.0.0.1/pet/public/admin/public/login.html',
  'accept-encoding' => 'gzip, deflate',
  'accept-language' => 'zh-CN,zh;q=0.8,zh-TW;q=0.7,zh-HK;q=0.5,en-US;q=0.3,en;q=0.2',
  'accept' => 'application/json, text/javascript, */*; q=0.01',
  'user-agent' => 'Mozilla/5.0 (Windows NT 10.0; WOW64; rv:60.0) Gecko/20100101 Firefox/60.0',
  'host' => '127.0.0.1',
)
[ info ] [ PARAM ] array (
  'username' => 'liyang',
  'password' => 'wESTMINSTERa',
  'captcha' => 'yaqw',
  '_captcha_id' => '',
  'redirect' => '',
)
[ info ] [ LANG ] D:\phpStudy\WWW\pet\public/../simplewind/cmf/lang\zh-cn.php
[ info ] [ LANG ] D:\phpStudy\WWW\pet\public/../app/admin\lang\zh-cn\common.php
[ info ] [ LANG ] D:\phpStudy\WWW\pet\public/../app/portal\lang\zh-cn\common.php
[ info ] [ BEHAVIOR ] Run cmf\behavior\LangBehavior @app_begin [ RunTime:0.000933s ]
[ info ] [ LANG ] D:\phpStudy\WWW\pet\public/../app/admin\lang\zh-cn.php
[ info ] [ DB ] INIT mysql
[ info ] [ RUN ] app\admin\controller\PublicController->doLogin[ D:\phpStudy\WWW\pet\app\admin\controller\PublicController.php ]
[ info ] [ SESSION ] INIT array (
  'id' => '',
  'var_session_id' => '',
  'prefix' => 'think',
  'type' => '',
  'auto_start' => true,
)
[ info ] [ LOG ] INIT File
[ sql ] [ DB ] CONNECT:[ UseTime:0.010879s ] mysql:host=127.0.0.1;port=3306;dbname=pet;charset=utf8
[ sql ] [ SQL ] SHOW COLUMNS FROM `pet_option` [ RunTime:0.013181s ]
[ sql ] [ SQL ] SELECT `option_value` FROM `pet_option` WHERE  `option_name` = 'cdn_settings' LIMIT 1 [ RunTime:0.000433s ]
[ sql ] [ SQL ] SHOW COLUMNS FROM `pet_user` [ RunTime:0.062116s ]
[ sql ] [ SQL ] SELECT * FROM `pet_user` WHERE  `user_login` = 'liyang' LIMIT 1 [ RunTime:0.000624s ]
[ sql ] [ SQL ] SHOW COLUMNS FROM `pet_role_user` [ RunTime:0.021834s ]
[ sql ] [ SQL ] SELECT `role_id` FROM `pet_role_user` `a` INNER JOIN `pet_role` `b` ON `a`.`role_id`=`b`.`id` WHERE  `user_id` = 1  AND `status` = 1 LIMIT 1 [ RunTime:0.030204s ]
[ sql ] [ SQL ] SHOW COLUMNS FROM `pet_user_token` [ RunTime:0.022285s ]
[ sql ] [ SQL ] SELECT * FROM `pet_user_token` WHERE  `user_id` = 1  AND `device_type` = 'web' LIMIT 1 [ RunTime:0.000489s ]
[ sql ] [ SQL ] UPDATE `pet_user`  SET `user_type`=1,`sex`=0,`birthday`=0,`last_login_time`=1527169174,`score`=0,`coin`=0,`balance`=0,`create_time`=1526911663,`user_status`=1,`user_login`='liyang',`user_pass`='###02032ac65a9c413d71e4ea81c261b4d3',`user_nickname`='liyang',`user_email`='18311217075@163.com',`user_url`='',`avatar`='',`signature`='',`last_login_ip`='127.0.0.1',`user_activation_key`='',`mobile`='',`more`=NULL  WHERE  `id` = 1 [ RunTime:0.033188s ]
---------------------------------------------------------------
[ 2018-05-24T21:39:36+08:00 ] 127.0.0.1 GET /pet/public/admin/index/index.html
[ info ] 127.0.0.1/pet/public/admin/index/index.html [运行时间：0.152464s][吞吐率：6.56req/s] [内存消耗：2,918.78kb] [文件加载：76]
[ info ] [ CACHE ] INIT File
[ info ] [ BEHAVIOR ] Run cmf\behavior\InitHookBehavior @app_init [ RunTime:0.001746s ]
[ info ] [ LANG ] D:\phpStudy\WWW\pet\simplewind\thinkphp\lang\zh-cn.php
[ info ] [ ROUTE ] array (
  'type' => 'module',
  'module' => 
  array (
    0 => 'admin',
    1 => 'index',
    2 => 'index',
  ),
)
[ info ] [ HEADER ] array (
  'upgrade-insecure-requests' => '1',
  'connection' => 'close',
  'cookie' => 'thinkphp_show_page_trace=0|0; DUYL_2132_saltkey=tsaACafa; DUYL_2132_lastvisit=1526900871; DUYL_2132_ulastactivity=0785ozJmbPHBV1hP0RAkg%2Fb8Pyg6lPDQL2O%2BDTHTnaNXdc0GiEfK; DUYL_2132_lastcheckfeed=1%7C1526904547; DUYL_2132_nofavfid=1; DUYL_2132_home_readfeed=1526904729; admin_username=liyang; PHPSESSID=5og2rqjeep8v2draileuhk4b82',
  'referer' => 'http://127.0.0.1/pet/public/admin/public/login.html',
  'accept-encoding' => 'gzip, deflate',
  'accept-language' => 'zh-CN,zh;q=0.8,zh-TW;q=0.7,zh-HK;q=0.5,en-US;q=0.3,en;q=0.2',
  'accept' => 'text/html,application/xhtml+xml,application/xml;q=0.9,*/*;q=0.8',
  'user-agent' => 'Mozilla/5.0 (Windows NT 10.0; WOW64; rv:60.0) Gecko/20100101 Firefox/60.0',
  'host' => '127.0.0.1',
)
[ info ] [ PARAM ] array (
)
[ info ] [ LANG ] D:\phpStudy\WWW\pet\public/../simplewind/cmf/lang\zh-cn.php
[ info ] [ LANG ] D:\phpStudy\WWW\pet\public/../app/admin\lang\zh-cn\common.php
[ info ] [ LANG ] D:\phpStudy\WWW\pet\public/../app/portal\lang\zh-cn\common.php
[ info ] [ BEHAVIOR ] Run cmf\behavior\LangBehavior @app_begin [ RunTime:0.000929s ]
[ info ] [ LANG ] D:\phpStudy\WWW\pet\public/../app/admin\lang\zh-cn.php
[ info ] [ DB ] INIT mysql
[ info ] [ SESSION ] INIT array (
  'id' => '',
  'var_session_id' => '',
  'prefix' => 'think',
  'type' => '',
  'auto_start' => true,
)
[ info ] [ LANG ] D:\phpStudy\WWW\pet\public/../app/admin\lang\zh-cn\admin_menu.php
[ info ] [ LANG ] D:\phpStudy\WWW\pet\public/../app/admin\lang\zh-cn\admin.php
[ info ] [ LANG ] D:\phpStudy\WWW\pet\public/../app/user\lang\zh-cn\admin_menu.php
[ info ] [ LANG ] D:\phpStudy\WWW\pet\public/../data/lang/zh-cn/admin_menu.php
[ info ] [ BEHAVIOR ] Run cmf\behavior\AdminLangBehavior @admin_init [ RunTime:0.005457s ]
[ info ] [ RUN ] app\admin\controller\IndexController->index[ D:\phpStudy\WWW\pet\app\admin\controller\IndexController.php ]
[ info ] [ VIEW ] themes/admin_simpleboot3/admin\index\index.html [ array (
  0 => 'admin',
  1 => 'menus',
) ]
[ info ] [ LOG ] INIT File
[ sql ] [ DB ] CONNECT:[ UseTime:0.003067s ] mysql:host=127.0.0.1;port=3306;dbname=pet;charset=utf8
[ sql ] [ SQL ] SHOW COLUMNS FROM `pet_option` [ RunTime:0.009986s ]
[ sql ] [ SQL ] SELECT `option_value` FROM `pet_option` WHERE  `option_name` = 'cdn_settings' LIMIT 1 [ RunTime:0.000432s ]
[ sql ] [ SQL ] SELECT `option_value` FROM `pet_option` WHERE  `option_name` = 'admin_settings' LIMIT 1 [ RunTime:0.000366s ]
[ sql ] [ SQL ] SHOW COLUMNS FROM `pet_user` [ RunTime:0.006998s ]
[ sql ] [ SQL ] SELECT * FROM `pet_user` WHERE  `id` = 1 LIMIT 1 [ RunTime:0.000516s ]
[ sql ] [ SQL ] SELECT `option_value` FROM `pet_option` WHERE  `option_name` = 'admin_settings' LIMIT 1 [ RunTime:0.000582s ]
[ sql ] [ SQL ] SELECT `option_value` FROM `pet_option` WHERE  `option_name` = 'admin_settings' LIMIT 1 [ RunTime:0.001790s ]
---------------------------------------------------------------
[ 2018-05-24T21:39:36+08:00 ] 127.0.0.1 GET /pet/public/admin/main/index.html
[ info ] 127.0.0.1/pet/public/admin/main/index.html [运行时间：0.142573s][吞吐率：7.01req/s] [内存消耗：2,591.27kb] [文件加载：74]
[ info ] [ CACHE ] INIT File
[ info ] [ BEHAVIOR ] Run cmf\behavior\InitHookBehavior @app_init [ RunTime:0.001766s ]
[ info ] [ LANG ] D:\phpStudy\WWW\pet\simplewind\thinkphp\lang\zh-cn.php
[ info ] [ ROUTE ] array (
  'type' => 'module',
  'module' => 
  array (
    0 => 'admin',
    1 => 'main',
    2 => 'index',
  ),
)
[ info ] [ HEADER ] array (
  'upgrade-insecure-requests' => '1',
  'connection' => 'close',
  'cookie' => 'thinkphp_show_page_trace=0|0; DUYL_2132_saltkey=tsaACafa; DUYL_2132_lastvisit=1526900871; DUYL_2132_ulastactivity=0785ozJmbPHBV1hP0RAkg%2Fb8Pyg6lPDQL2O%2BDTHTnaNXdc0GiEfK; DUYL_2132_lastcheckfeed=1%7C1526904547; DUYL_2132_nofavfid=1; DUYL_2132_home_readfeed=1526904729; admin_username=liyang; PHPSESSID=5og2rqjeep8v2draileuhk4b82',
  'referer' => 'http://127.0.0.1/pet/public/admin/index/index.html',
  'accept-encoding' => 'gzip, deflate',
  'accept-language' => 'zh-CN,zh;q=0.8,zh-TW;q=0.7,zh-HK;q=0.5,en-US;q=0.3,en;q=0.2',
  'accept' => 'text/html,application/xhtml+xml,application/xml;q=0.9,*/*;q=0.8',
  'user-agent' => 'Mozilla/5.0 (Windows NT 10.0; WOW64; rv:60.0) Gecko/20100101 Firefox/60.0',
  'host' => '127.0.0.1',
)
[ info ] [ PARAM ] array (
)
[ info ] [ LANG ] D:\phpStudy\WWW\pet\public/../simplewind/cmf/lang\zh-cn.php
[ info ] [ LANG ] D:\phpStudy\WWW\pet\public/../app/admin\lang\zh-cn\common.php
[ info ] [ LANG ] D:\phpStudy\WWW\pet\public/../app/portal\lang\zh-cn\common.php
[ info ] [ BEHAVIOR ] Run cmf\behavior\LangBehavior @app_begin [ RunTime:0.001157s ]
[ info ] [ LANG ] D:\phpStudy\WWW\pet\public/../app/admin\lang\zh-cn.php
[ info ] [ DB ] INIT mysql
[ info ] [ LANG ] D:\phpStudy\WWW\pet\public/../app/admin\lang\zh-cn\admin_menu.php
[ info ] [ LANG ] D:\phpStudy\WWW\pet\public/../app/admin\lang\zh-cn\admin.php
[ info ] [ LANG ] D:\phpStudy\WWW\pet\public/../app/user\lang\zh-cn\admin_menu.php
[ info ] [ LANG ] D:\phpStudy\WWW\pet\public/../data/lang/zh-cn/admin_menu.php
[ info ] [ BEHAVIOR ] Run cmf\behavior\AdminLangBehavior @admin_init [ RunTime:0.002431s ]
[ info ] [ SESSION ] INIT array (
  'id' => '',
  'var_session_id' => '',
  'prefix' => 'think',
  'type' => '',
  'auto_start' => true,
)
[ info ] [ RUN ] app\admin\controller\MainController->index[ D:\phpStudy\WWW\pet\app\admin\controller\MainController.php ]
[ info ] [ VIEW ] themes/admin_simpleboot3/admin\main\index.html [ array (
  0 => 'admin',
  1 => 'dashboard_widgets',
  2 => 'dashboard_widget_plugins',
  3 => 'has_smtp_setting',
) ]
[ info ] [ LOG ] INIT File
[ sql ] [ DB ] CONNECT:[ UseTime:0.011672s ] mysql:host=127.0.0.1;port=3306;dbname=pet;charset=utf8
[ sql ] [ SQL ] SHOW COLUMNS FROM `pet_option` [ RunTime:0.013140s ]
[ sql ] [ SQL ] SELECT `option_value` FROM `pet_option` WHERE  `option_name` = 'cdn_settings' LIMIT 1 [ RunTime:0.001449s ]
[ sql ] [ SQL ] SHOW COLUMNS FROM `pet_user` [ RunTime:0.006642s ]
[ sql ] [ SQL ] SELECT * FROM `pet_user` WHERE  `id` = 1 LIMIT 1 [ RunTime:0.000502s ]
[ sql ] [ SQL ] SELECT `option_value` FROM `pet_option` WHERE  `option_name` = 'admin_dashboard_widgets' LIMIT 1 [ RunTime:0.000400s ]
[ sql ] [ SQL ] SELECT `option_value` FROM `pet_option` WHERE  `option_name` = 'smtp_setting' LIMIT 1 [ RunTime:0.001170s ]
[ sql ] [ SQL ] SELECT `option_value` FROM `pet_option` WHERE  `option_name` = 'admin_settings' LIMIT 1 [ RunTime:0.000466s ]
---------------------------------------------------------------
[ 2018-05-24T21:39:46+08:00 ] 127.0.0.1 GET /pet/public/admin/black_words/index.html
[ info ] 127.0.0.1/pet/public/admin/black_words/index.html [运行时间：0.247390s][吞吐率：4.04req/s] [内存消耗：2,905.04kb] [文件加载：79]
[ info ] [ CACHE ] INIT File
[ info ] [ BEHAVIOR ] Run cmf\behavior\InitHookBehavior @app_init [ RunTime:0.001876s ]
[ info ] [ LANG ] D:\phpStudy\WWW\pet\simplewind\thinkphp\lang\zh-cn.php
[ info ] [ ROUTE ] array (
  'type' => 'module',
  'module' => 
  array (
    0 => 'admin',
    1 => 'black_words',
    2 => 'index',
  ),
)
[ info ] [ HEADER ] array (
  'upgrade-insecure-requests' => '1',
  'connection' => 'close',
  'cookie' => 'thinkphp_show_page_trace=0|0; DUYL_2132_saltkey=tsaACafa; DUYL_2132_lastvisit=1526900871; DUYL_2132_ulastactivity=0785ozJmbPHBV1hP0RAkg%2Fb8Pyg6lPDQL2O%2BDTHTnaNXdc0GiEfK; DUYL_2132_lastcheckfeed=1%7C1526904547; DUYL_2132_nofavfid=1; DUYL_2132_home_readfeed=1526904729; admin_username=liyang; PHPSESSID=5og2rqjeep8v2draileuhk4b82',
  'referer' => 'http://127.0.0.1/pet/public/admin/index/index.html',
  'accept-encoding' => 'gzip, deflate',
  'accept-language' => 'zh-CN,zh;q=0.8,zh-TW;q=0.7,zh-HK;q=0.5,en-US;q=0.3,en;q=0.2',
  'accept' => 'text/html,application/xhtml+xml,application/xml;q=0.9,*/*;q=0.8',
  'user-agent' => 'Mozilla/5.0 (Windows NT 10.0; WOW64; rv:60.0) Gecko/20100101 Firefox/60.0',
  'host' => '127.0.0.1',
)
[ info ] [ PARAM ] array (
)
[ info ] [ LANG ] D:\phpStudy\WWW\pet\public/../simplewind/cmf/lang\zh-cn.php
[ info ] [ LANG ] D:\phpStudy\WWW\pet\public/../app/admin\lang\zh-cn\common.php
[ info ] [ LANG ] D:\phpStudy\WWW\pet\public/../app/portal\lang\zh-cn\common.php
[ info ] [ BEHAVIOR ] Run cmf\behavior\LangBehavior @app_begin [ RunTime:0.000905s ]
[ info ] [ LANG ] D:\phpStudy\WWW\pet\public/../app/admin\lang\zh-cn.php
[ info ] [ DB ] INIT mysql
[ info ] [ LANG ] D:\phpStudy\WWW\pet\public/../app/admin\lang\zh-cn\admin_menu.php
[ info ] [ LANG ] D:\phpStudy\WWW\pet\public/../app/admin\lang\zh-cn\admin.php
[ info ] [ LANG ] D:\phpStudy\WWW\pet\public/../app/user\lang\zh-cn\admin_menu.php
[ info ] [ LANG ] D:\phpStudy\WWW\pet\public/../data/lang/zh-cn/admin_menu.php
[ info ] [ BEHAVIOR ] Run cmf\behavior\AdminLangBehavior @admin_init [ RunTime:0.001959s ]
[ info ] [ SESSION ] INIT array (
  'id' => '',
  'var_session_id' => '',
  'prefix' => 'think',
  'type' => '',
  'auto_start' => true,
)
[ info ] [ RUN ] app\admin\controller\BlackWordsController->index[ D:\phpStudy\WWW\pet\app\admin\controller\BlackWordsController.php ]
[ info ] [ VIEW ] themes/admin_simpleboot3/admin\black_words\index.html [ array (
  0 => 'admin',
  1 => 'list',
  2 => 'page',
) ]
[ info ] [ LOG ] INIT File
[ sql ] [ DB ] CONNECT:[ UseTime:0.011232s ] mysql:host=127.0.0.1;port=3306;dbname=pet;charset=utf8
[ sql ] [ SQL ] SHOW COLUMNS FROM `pet_option` [ RunTime:0.011589s ]
[ sql ] [ SQL ] SELECT `option_value` FROM `pet_option` WHERE  `option_name` = 'cdn_settings' LIMIT 1 [ RunTime:0.000406s ]
[ sql ] [ SQL ] SHOW COLUMNS FROM `pet_user` [ RunTime:0.006753s ]
[ sql ] [ SQL ] SELECT * FROM `pet_user` WHERE  `id` = 1 LIMIT 1 [ RunTime:0.000528s ]
[ sql ] [ SQL ] SHOW COLUMNS FROM `pet_black_words` [ RunTime:0.060129s ]
[ sql ] [ SQL ] SELECT COUNT(*) AS tp_count FROM `pet_black_words` WHERE  `status` = 1 LIMIT 1 [ RunTime:0.000466s ]
[ sql ] [ SQL ] SELECT `id`,`word` FROM `pet_black_words` WHERE  `status` = 1 ORDER BY `id` DESC LIMIT 0,2 [ RunTime:0.000435s ]
[ sql ] [ SQL ] SELECT `option_value` FROM `pet_option` WHERE  `option_name` = 'admin_settings' LIMIT 1 [ RunTime:0.000490s ]
---------------------------------------------------------------
[ 2018-05-24T21:39:55+08:00 ] 127.0.0.1 GET /pet/public/admin/black_words/index.html?page=2
[ info ] 127.0.0.1/pet/public/admin/black_words/index.html?page=2 [运行时间：0.076328s][吞吐率：13.10req/s] [内存消耗：2,905.73kb] [文件加载：79]
[ info ] [ CACHE ] INIT File
[ info ] [ BEHAVIOR ] Run cmf\behavior\InitHookBehavior @app_init [ RunTime:0.001625s ]
[ info ] [ LANG ] D:\phpStudy\WWW\pet\simplewind\thinkphp\lang\zh-cn.php
[ info ] [ ROUTE ] array (
  'type' => 'module',
  'module' => 
  array (
    0 => 'admin',
    1 => 'black_words',
    2 => 'index',
  ),
)
[ info ] [ HEADER ] array (
  'upgrade-insecure-requests' => '1',
  'connection' => 'close',
  'cookie' => 'thinkphp_show_page_trace=0|0; thinkphp_show_page_trace=0|0; DUYL_2132_saltkey=tsaACafa; DUYL_2132_lastvisit=1526900871; DUYL_2132_ulastactivity=0785ozJmbPHBV1hP0RAkg%2Fb8Pyg6lPDQL2O%2BDTHTnaNXdc0GiEfK; DUYL_2132_lastcheckfeed=1%7C1526904547; DUYL_2132_nofavfid=1; DUYL_2132_home_readfeed=1526904729; admin_username=liyang; PHPSESSID=5og2rqjeep8v2draileuhk4b82',
  'referer' => 'http://127.0.0.1/pet/public/admin/black_words/index.html',
  'accept-encoding' => 'gzip, deflate',
  'accept-language' => 'zh-CN,zh;q=0.8,zh-TW;q=0.7,zh-HK;q=0.5,en-US;q=0.3,en;q=0.2',
  'accept' => 'text/html,application/xhtml+xml,application/xml;q=0.9,*/*;q=0.8',
  'user-agent' => 'Mozilla/5.0 (Windows NT 10.0; WOW64; rv:60.0) Gecko/20100101 Firefox/60.0',
  'host' => '127.0.0.1',
)
[ info ] [ PARAM ] array (
  'page' => '2',
)
[ info ] [ LANG ] D:\phpStudy\WWW\pet\public/../simplewind/cmf/lang\zh-cn.php
[ info ] [ LANG ] D:\phpStudy\WWW\pet\public/../app/admin\lang\zh-cn\common.php
[ info ] [ LANG ] D:\phpStudy\WWW\pet\public/../app/portal\lang\zh-cn\common.php
[ info ] [ BEHAVIOR ] Run cmf\behavior\LangBehavior @app_begin [ RunTime:0.000878s ]
[ info ] [ LANG ] D:\phpStudy\WWW\pet\public/../app/admin\lang\zh-cn.php
[ info ] [ DB ] INIT mysql
[ info ] [ LANG ] D:\phpStudy\WWW\pet\public/../app/admin\lang\zh-cn\admin_menu.php
[ info ] [ LANG ] D:\phpStudy\WWW\pet\public/../app/admin\lang\zh-cn\admin.php
[ info ] [ LANG ] D:\phpStudy\WWW\pet\public/../app/user\lang\zh-cn\admin_menu.php
[ info ] [ LANG ] D:\phpStudy\WWW\pet\public/../data/lang/zh-cn/admin_menu.php
[ info ] [ BEHAVIOR ] Run cmf\behavior\AdminLangBehavior @admin_init [ RunTime:0.002056s ]
[ info ] [ SESSION ] INIT array (
  'id' => '',
  'var_session_id' => '',
  'prefix' => 'think',
  'type' => '',
  'auto_start' => true,
)
[ info ] [ RUN ] app\admin\controller\BlackWordsController->index[ D:\phpStudy\WWW\pet\app\admin\controller\BlackWordsController.php ]
[ info ] [ VIEW ] themes/admin_simpleboot3/admin\black_words\index.html [ array (
  0 => 'admin',
  1 => 'list',
  2 => 'page',
) ]
[ info ] [ LOG ] INIT File
[ sql ] [ DB ] CONNECT:[ UseTime:0.011956s ] mysql:host=127.0.0.1;port=3306;dbname=pet;charset=utf8
[ sql ] [ SQL ] SHOW COLUMNS FROM `pet_option` [ RunTime:0.007963s ]
[ sql ] [ SQL ] SELECT `option_value` FROM `pet_option` WHERE  `option_name` = 'cdn_settings' LIMIT 1 [ RunTime:0.000410s ]
[ sql ] [ SQL ] SHOW COLUMNS FROM `pet_user` [ RunTime:0.007921s ]
[ sql ] [ SQL ] SELECT * FROM `pet_user` WHERE  `id` = 1 LIMIT 1 [ RunTime:0.000553s ]
[ sql ] [ SQL ] SHOW COLUMNS FROM `pet_black_words` [ RunTime:0.006582s ]
[ sql ] [ SQL ] SELECT COUNT(*) AS tp_count FROM `pet_black_words` WHERE  `status` = 1 LIMIT 1 [ RunTime:0.000485s ]
[ sql ] [ SQL ] SELECT `id`,`word` FROM `pet_black_words` WHERE  `status` = 1 ORDER BY `id` DESC LIMIT 2,2 [ RunTime:0.000404s ]
[ sql ] [ SQL ] SELECT `option_value` FROM `pet_option` WHERE  `option_name` = 'admin_settings' LIMIT 1 [ RunTime:0.000433s ]
---------------------------------------------------------------
[ 2018-05-24T21:39:56+08:00 ] 127.0.0.1 GET /pet/public/admin/black_words/index.html?page=1
[ info ] 127.0.0.1/pet/public/admin/black_words/index.html?page=1 [运行时间：0.079343s][吞吐率：12.60req/s] [内存消耗：2,905.61kb] [文件加载：79]
[ info ] [ CACHE ] INIT File
[ info ] [ BEHAVIOR ] Run cmf\behavior\InitHookBehavior @app_init [ RunTime:0.001682s ]
[ info ] [ LANG ] D:\phpStudy\WWW\pet\simplewind\thinkphp\lang\zh-cn.php
[ info ] [ ROUTE ] array (
  'type' => 'module',
  'module' => 
  array (
    0 => 'admin',
    1 => 'black_words',
    2 => 'index',
  ),
)
[ info ] [ HEADER ] array (
  'upgrade-insecure-requests' => '1',
  'connection' => 'close',
  'cookie' => 'thinkphp_show_page_trace=0|0; thinkphp_show_page_trace=0|0; DUYL_2132_saltkey=tsaACafa; DUYL_2132_lastvisit=1526900871; DUYL_2132_ulastactivity=0785ozJmbPHBV1hP0RAkg%2Fb8Pyg6lPDQL2O%2BDTHTnaNXdc0GiEfK; DUYL_2132_lastcheckfeed=1%7C1526904547; DUYL_2132_nofavfid=1; DUYL_2132_home_readfeed=1526904729; admin_username=liyang; PHPSESSID=5og2rqjeep8v2draileuhk4b82',
  'referer' => 'http://127.0.0.1/pet/public/admin/black_words/index.html?page=2',
  'accept-encoding' => 'gzip, deflate',
  'accept-language' => 'zh-CN,zh;q=0.8,zh-TW;q=0.7,zh-HK;q=0.5,en-US;q=0.3,en;q=0.2',
  'accept' => 'text/html,application/xhtml+xml,application/xml;q=0.9,*/*;q=0.8',
  'user-agent' => 'Mozilla/5.0 (Windows NT 10.0; WOW64; rv:60.0) Gecko/20100101 Firefox/60.0',
  'host' => '127.0.0.1',
)
[ info ] [ PARAM ] array (
  'page' => '1',
)
[ info ] [ LANG ] D:\phpStudy\WWW\pet\public/../simplewind/cmf/lang\zh-cn.php
[ info ] [ LANG ] D:\phpStudy\WWW\pet\public/../app/admin\lang\zh-cn\common.php
[ info ] [ LANG ] D:\phpStudy\WWW\pet\public/../app/portal\lang\zh-cn\common.php
[ info ] [ BEHAVIOR ] Run cmf\behavior\LangBehavior @app_begin [ RunTime:0.000915s ]
[ info ] [ LANG ] D:\phpStudy\WWW\pet\public/../app/admin\lang\zh-cn.php
[ info ] [ DB ] INIT mysql
[ info ] [ LANG ] D:\phpStudy\WWW\pet\public/../app/admin\lang\zh-cn\admin_menu.php
[ info ] [ LANG ] D:\phpStudy\WWW\pet\public/../app/admin\lang\zh-cn\admin.php
[ info ] [ LANG ] D:\phpStudy\WWW\pet\public/../app/user\lang\zh-cn\admin_menu.php
[ info ] [ LANG ] D:\phpStudy\WWW\pet\public/../data/lang/zh-cn/admin_menu.php
[ info ] [ BEHAVIOR ] Run cmf\behavior\AdminLangBehavior @admin_init [ RunTime:0.004189s ]
[ info ] [ SESSION ] INIT array (
  'id' => '',
  'var_session_id' => '',
  'prefix' => 'think',
  'type' => '',
  'auto_start' => true,
)
[ info ] [ RUN ] app\admin\controller\BlackWordsController->index[ D:\phpStudy\WWW\pet\app\admin\controller\BlackWordsController.php ]
[ info ] [ VIEW ] themes/admin_simpleboot3/admin\black_words\index.html [ array (
  0 => 'admin',
  1 => 'list',
  2 => 'page',
) ]
[ info ] [ LOG ] INIT File
[ sql ] [ DB ] CONNECT:[ UseTime:0.001852s ] mysql:host=127.0.0.1;port=3306;dbname=pet;charset=utf8
[ sql ] [ SQL ] SHOW COLUMNS FROM `pet_option` [ RunTime:0.006390s ]
[ sql ] [ SQL ] SELECT `option_value` FROM `pet_option` WHERE  `option_name` = 'cdn_settings' LIMIT 1 [ RunTime:0.000464s ]
[ sql ] [ SQL ] SHOW COLUMNS FROM `pet_user` [ RunTime:0.007154s ]
[ sql ] [ SQL ] SELECT * FROM `pet_user` WHERE  `id` = 1 LIMIT 1 [ RunTime:0.000615s ]
[ sql ] [ SQL ] SHOW COLUMNS FROM `pet_black_words` [ RunTime:0.007993s ]
[ sql ] [ SQL ] SELECT COUNT(*) AS tp_count FROM `pet_black_words` WHERE  `status` = 1 LIMIT 1 [ RunTime:0.000526s ]
[ sql ] [ SQL ] SELECT `id`,`word` FROM `pet_black_words` WHERE  `status` = 1 ORDER BY `id` DESC LIMIT 0,2 [ RunTime:0.000429s ]
[ sql ] [ SQL ] SELECT `option_value` FROM `pet_option` WHERE  `option_name` = 'admin_settings' LIMIT 1 [ RunTime:0.002158s ]
---------------------------------------------------------------
[ 2018-05-24T21:39:58+08:00 ] 127.0.0.1 POST /pet/public/admin/black_words/cancel.html
[ info ] 127.0.0.1/pet/public/admin/black_words/cancel.html [运行时间：0.095118s][吞吐率：10.51req/s] [内存消耗：2,367.75kb] [文件加载：71]
[ info ] [ CACHE ] INIT File
[ info ] [ BEHAVIOR ] Run cmf\behavior\InitHookBehavior @app_init [ RunTime:0.001739s ]
[ info ] [ LANG ] D:\phpStudy\WWW\pet\simplewind\thinkphp\lang\zh-cn.php
[ info ] [ ROUTE ] array (
  'type' => 'module',
  'module' => 
  array (
    0 => 'admin',
    1 => 'black_words',
    2 => 'cancel',
  ),
)
[ info ] [ HEADER ] array (
  'connection' => 'close',
  'cookie' => 'thinkphp_show_page_trace=0|0; thinkphp_show_page_trace=0|0; DUYL_2132_saltkey=tsaACafa; DUYL_2132_lastvisit=1526900871; DUYL_2132_ulastactivity=0785ozJmbPHBV1hP0RAkg%2Fb8Pyg6lPDQL2O%2BDTHTnaNXdc0GiEfK; DUYL_2132_lastcheckfeed=1%7C1526904547; DUYL_2132_nofavfid=1; DUYL_2132_home_readfeed=1526904729; admin_username=liyang; PHPSESSID=5og2rqjeep8v2draileuhk4b82',
  'content-length' => '13',
  'x-requested-with' => 'XMLHttpRequest',
  'content-type' => 'application/x-www-form-urlencoded; charset=UTF-8',
  'referer' => 'http://127.0.0.1/pet/public/admin/black_words/index.html?page=1',
  'accept-encoding' => 'gzip, deflate',
  'accept-language' => 'zh-CN,zh;q=0.8,zh-TW;q=0.7,zh-HK;q=0.5,en-US;q=0.3,en;q=0.2',
  'accept' => 'application/json, text/javascript, */*; q=0.01',
  'user-agent' => 'Mozilla/5.0 (Windows NT 10.0; WOW64; rv:60.0) Gecko/20100101 Firefox/60.0',
  'host' => '127.0.0.1',
)
[ info ] [ PARAM ] array (
  'param1' => 'value1',
)
[ info ] [ LANG ] D:\phpStudy\WWW\pet\public/../simplewind/cmf/lang\zh-cn.php
[ info ] [ LANG ] D:\phpStudy\WWW\pet\public/../app/admin\lang\zh-cn\common.php
[ info ] [ LANG ] D:\phpStudy\WWW\pet\public/../app/portal\lang\zh-cn\common.php
[ info ] [ BEHAVIOR ] Run cmf\behavior\LangBehavior @app_begin [ RunTime:0.002052s ]
[ info ] [ LANG ] D:\phpStudy\WWW\pet\public/../app/admin\lang\zh-cn.php
[ info ] [ DB ] INIT mysql
[ info ] [ LANG ] D:\phpStudy\WWW\pet\public/../app/admin\lang\zh-cn\admin_menu.php
[ info ] [ LANG ] D:\phpStudy\WWW\pet\public/../app/admin\lang\zh-cn\admin.php
[ info ] [ LANG ] D:\phpStudy\WWW\pet\public/../app/user\lang\zh-cn\admin_menu.php
[ info ] [ LANG ] D:\phpStudy\WWW\pet\public/../data/lang/zh-cn/admin_menu.php
[ info ] [ BEHAVIOR ] Run cmf\behavior\AdminLangBehavior @admin_init [ RunTime:0.002188s ]
[ info ] [ SESSION ] INIT array (
  'id' => '',
  'var_session_id' => '',
  'prefix' => 'think',
  'type' => '',
  'auto_start' => true,
)
[ info ] [ LOG ] INIT File
[ sql ] [ DB ] CONNECT:[ UseTime:0.010517s ] mysql:host=127.0.0.1;port=3306;dbname=pet;charset=utf8
[ sql ] [ SQL ] SHOW COLUMNS FROM `pet_option` [ RunTime:0.011522s ]
[ sql ] [ SQL ] SELECT `option_value` FROM `pet_option` WHERE  `option_name` = 'cdn_settings' LIMIT 1 [ RunTime:0.000615s ]
[ sql ] [ SQL ] SHOW COLUMNS FROM `pet_user` [ RunTime:0.006909s ]
[ sql ] [ SQL ] SELECT * FROM `pet_user` WHERE  `id` = 1 LIMIT 1 [ RunTime:0.000648s ]
---------------------------------------------------------------
[ 2018-05-24T21:42:55+08:00 ] 127.0.0.1 GET /pet/public/admin/black_words/index.html?page=1
[ info ] 127.0.0.1/pet/public/admin/black_words/index.html?page=1 [运行时间：0.077213s][吞吐率：12.95req/s] [内存消耗：2,907.03kb] [文件加载：79]
[ info ] [ CACHE ] INIT File
[ info ] [ BEHAVIOR ] Run cmf\behavior\InitHookBehavior @app_init [ RunTime:0.002202s ]
[ info ] [ LANG ] D:\phpStudy\WWW\pet\simplewind\thinkphp\lang\zh-cn.php
[ info ] [ ROUTE ] array (
  'type' => 'module',
  'module' => 
  array (
    0 => 'admin',
    1 => 'black_words',
    2 => 'index',
  ),
)
[ info ] [ HEADER ] array (
  'cache-control' => 'max-age=0',
  'upgrade-insecure-requests' => '1',
  'connection' => 'close',
  'cookie' => 'thinkphp_show_page_trace=0|0; thinkphp_show_page_trace=0|0; DUYL_2132_saltkey=tsaACafa; DUYL_2132_lastvisit=1526900871; DUYL_2132_ulastactivity=0785ozJmbPHBV1hP0RAkg%2Fb8Pyg6lPDQL2O%2BDTHTnaNXdc0GiEfK; DUYL_2132_lastcheckfeed=1%7C1526904547; DUYL_2132_nofavfid=1; DUYL_2132_home_readfeed=1526904729; admin_username=liyang; PHPSESSID=5og2rqjeep8v2draileuhk4b82',
  'referer' => 'http://127.0.0.1/pet/public/admin/black_words/index.html?page=2',
  'accept-encoding' => 'gzip, deflate',
  'accept-language' => 'zh-CN,zh;q=0.8,zh-TW;q=0.7,zh-HK;q=0.5,en-US;q=0.3,en;q=0.2',
  'accept' => 'text/html,application/xhtml+xml,application/xml;q=0.9,*/*;q=0.8',
  'user-agent' => 'Mozilla/5.0 (Windows NT 10.0; WOW64; rv:60.0) Gecko/20100101 Firefox/60.0',
  'host' => '127.0.0.1',
)
[ info ] [ PARAM ] array (
  'page' => '1',
)
[ info ] [ LANG ] D:\phpStudy\WWW\pet\public/../simplewind/cmf/lang\zh-cn.php
[ info ] [ LANG ] D:\phpStudy\WWW\pet\public/../app/admin\lang\zh-cn\common.php
[ info ] [ LANG ] D:\phpStudy\WWW\pet\public/../app/portal\lang\zh-cn\common.php
[ info ] [ BEHAVIOR ] Run cmf\behavior\LangBehavior @app_begin [ RunTime:0.001266s ]
[ info ] [ LANG ] D:\phpStudy\WWW\pet\public/../app/admin\lang\zh-cn.php
[ info ] [ DB ] INIT mysql
[ info ] [ LANG ] D:\phpStudy\WWW\pet\public/../app/admin\lang\zh-cn\admin_menu.php
[ info ] [ LANG ] D:\phpStudy\WWW\pet\public/../app/admin\lang\zh-cn\admin.php
[ info ] [ LANG ] D:\phpStudy\WWW\pet\public/../app/user\lang\zh-cn\admin_menu.php
[ info ] [ LANG ] D:\phpStudy\WWW\pet\public/../data/lang/zh-cn/admin_menu.php
[ info ] [ BEHAVIOR ] Run cmf\behavior\AdminLangBehavior @admin_init [ RunTime:0.003254s ]
[ info ] [ SESSION ] INIT array (
  'id' => '',
  'var_session_id' => '',
  'prefix' => 'think',
  'type' => '',
  'auto_start' => true,
)
[ info ] [ RUN ] app\admin\controller\BlackWordsController->index[ D:\phpStudy\WWW\pet\app\admin\controller\BlackWordsController.php ]
[ info ] [ VIEW ] themes/admin_simpleboot3/admin\black_words\index.html [ array (
  0 => 'admin',
  1 => 'list',
  2 => 'page',
) ]
[ info ] [ LOG ] INIT File
[ sql ] [ DB ] CONNECT:[ UseTime:0.001959s ] mysql:host=127.0.0.1;port=3306;dbname=pet;charset=utf8
[ sql ] [ SQL ] SHOW COLUMNS FROM `pet_option` [ RunTime:0.006599s ]
[ sql ] [ SQL ] SELECT `option_value` FROM `pet_option` WHERE  `option_name` = 'cdn_settings' LIMIT 1 [ RunTime:0.000400s ]
[ sql ] [ SQL ] SHOW COLUMNS FROM `pet_user` [ RunTime:0.006827s ]
[ sql ] [ SQL ] SELECT * FROM `pet_user` WHERE  `id` = 1 LIMIT 1 [ RunTime:0.000557s ]
[ sql ] [ SQL ] SHOW COLUMNS FROM `pet_black_words` [ RunTime:0.006226s ]
[ sql ] [ SQL ] SELECT COUNT(*) AS tp_count FROM `pet_black_words` WHERE  `status` = 1 LIMIT 1 [ RunTime:0.000385s ]
[ sql ] [ SQL ] SELECT `id`,`word` FROM `pet_black_words` WHERE  `status` = 1 ORDER BY `id` DESC LIMIT 0,2 [ RunTime:0.000356s ]
[ sql ] [ SQL ] SELECT `option_value` FROM `pet_option` WHERE  `option_name` = 'admin_settings' LIMIT 1 [ RunTime:0.000400s ]
---------------------------------------------------------------
[ 2018-05-24T21:42:58+08:00 ] 127.0.0.1 POST /pet/public/admin/black_words/cancel.html
[ info ] 127.0.0.1/pet/public/admin/black_words/cancel.html [运行时间：0.113627s][吞吐率：8.80req/s] [内存消耗：2,376.01kb] [文件加载：72]
[ info ] [ CACHE ] INIT File
[ info ] [ BEHAVIOR ] Run cmf\behavior\InitHookBehavior @app_init [ RunTime:0.001752s ]
[ info ] [ LANG ] D:\phpStudy\WWW\pet\simplewind\thinkphp\lang\zh-cn.php
[ info ] [ ROUTE ] array (
  'type' => 'module',
  'module' => 
  array (
    0 => 'admin',
    1 => 'black_words',
    2 => 'cancel',
  ),
)
[ info ] [ HEADER ] array (
  'connection' => 'close',
  'cookie' => 'thinkphp_show_page_trace=0|0; thinkphp_show_page_trace=0|0; DUYL_2132_saltkey=tsaACafa; DUYL_2132_lastvisit=1526900871; DUYL_2132_ulastactivity=0785ozJmbPHBV1hP0RAkg%2Fb8Pyg6lPDQL2O%2BDTHTnaNXdc0GiEfK; DUYL_2132_lastcheckfeed=1%7C1526904547; DUYL_2132_nofavfid=1; DUYL_2132_home_readfeed=1526904729; admin_username=liyang; PHPSESSID=5og2rqjeep8v2draileuhk4b82',
  'content-length' => '4',
  'x-requested-with' => 'XMLHttpRequest',
  'content-type' => 'application/x-www-form-urlencoded; charset=UTF-8',
  'referer' => 'http://127.0.0.1/pet/public/admin/black_words/index.html?page=1',
  'accept-encoding' => 'gzip, deflate',
  'accept-language' => 'zh-CN,zh;q=0.8,zh-TW;q=0.7,zh-HK;q=0.5,en-US;q=0.3,en;q=0.2',
  'accept' => 'application/json, text/javascript, */*; q=0.01',
  'user-agent' => 'Mozilla/5.0 (Windows NT 10.0; WOW64; rv:60.0) Gecko/20100101 Firefox/60.0',
  'host' => '127.0.0.1',
)
[ info ] [ PARAM ] array (
  'id' => '6',
)
[ info ] [ LANG ] D:\phpStudy\WWW\pet\public/../simplewind/cmf/lang\zh-cn.php
[ info ] [ LANG ] D:\phpStudy\WWW\pet\public/../app/admin\lang\zh-cn\common.php
[ info ] [ LANG ] D:\phpStudy\WWW\pet\public/../app/portal\lang\zh-cn\common.php
[ info ] [ BEHAVIOR ] Run cmf\behavior\LangBehavior @app_begin [ RunTime:0.000884s ]
[ info ] [ LANG ] D:\phpStudy\WWW\pet\public/../app/admin\lang\zh-cn.php
[ info ] [ DB ] INIT mysql
[ info ] [ LANG ] D:\phpStudy\WWW\pet\public/../app/admin\lang\zh-cn\admin_menu.php
[ info ] [ LANG ] D:\phpStudy\WWW\pet\public/../app/admin\lang\zh-cn\admin.php
[ info ] [ LANG ] D:\phpStudy\WWW\pet\public/../app/user\lang\zh-cn\admin_menu.php
[ info ] [ LANG ] D:\phpStudy\WWW\pet\public/../data/lang/zh-cn/admin_menu.php
[ info ] [ BEHAVIOR ] Run cmf\behavior\AdminLangBehavior @admin_init [ RunTime:0.002077s ]
[ info ] [ SESSION ] INIT array (
  'id' => '',
  'var_session_id' => '',
  'prefix' => 'think',
  'type' => '',
  'auto_start' => true,
)
[ info ] [ RUN ] app\admin\controller\BlackWordsController->cancel[ D:\phpStudy\WWW\pet\app\admin\controller\BlackWordsController.php ]
[ info ] [ LOG ] INIT File
[ sql ] [ DB ] CONNECT:[ UseTime:0.010917s ] mysql:host=127.0.0.1;port=3306;dbname=pet;charset=utf8
[ sql ] [ SQL ] SHOW COLUMNS FROM `pet_option` [ RunTime:0.012453s ]
[ sql ] [ SQL ] SELECT `option_value` FROM `pet_option` WHERE  `option_name` = 'cdn_settings' LIMIT 1 [ RunTime:0.000347s ]
[ sql ] [ SQL ] SHOW COLUMNS FROM `pet_user` [ RunTime:0.006074s ]
[ sql ] [ SQL ] SELECT * FROM `pet_user` WHERE  `id` = 1 LIMIT 1 [ RunTime:0.000629s ]
[ error ] [8]Use of undefined constant IS_AJAX - assumed 'IS_AJAX'[D:\phpStudy\WWW\pet\app\admin\controller\BlackWordsController.php:42]
---------------------------------------------------------------
[ 2018-05-24T21:43:02+08:00 ] 127.0.0.1 POST /pet/public/admin/black_words/cancel.html
[ info ] 127.0.0.1/pet/public/admin/black_words/cancel.html [运行时间：0.066073s][吞吐率：15.13req/s] [内存消耗：2,376.01kb] [文件加载：72]
[ info ] [ CACHE ] INIT File
[ info ] [ BEHAVIOR ] Run cmf\behavior\InitHookBehavior @app_init [ RunTime:0.002951s ]
[ info ] [ LANG ] D:\phpStudy\WWW\pet\simplewind\thinkphp\lang\zh-cn.php
[ info ] [ ROUTE ] array (
  'type' => 'module',
  'module' => 
  array (
    0 => 'admin',
    1 => 'black_words',
    2 => 'cancel',
  ),
)
[ info ] [ HEADER ] array (
  'connection' => 'close',
  'cookie' => 'thinkphp_show_page_trace=0|0; thinkphp_show_page_trace=0|0; DUYL_2132_saltkey=tsaACafa; DUYL_2132_lastvisit=1526900871; DUYL_2132_ulastactivity=0785ozJmbPHBV1hP0RAkg%2Fb8Pyg6lPDQL2O%2BDTHTnaNXdc0GiEfK; DUYL_2132_lastcheckfeed=1%7C1526904547; DUYL_2132_nofavfid=1; DUYL_2132_home_readfeed=1526904729; admin_username=liyang; PHPSESSID=5og2rqjeep8v2draileuhk4b82',
  'content-length' => '4',
  'x-requested-with' => 'XMLHttpRequest',
  'content-type' => 'application/x-www-form-urlencoded; charset=UTF-8',
  'referer' => 'http://127.0.0.1/pet/public/admin/black_words/index.html?page=1',
  'accept-encoding' => 'gzip, deflate',
  'accept-language' => 'zh-CN,zh;q=0.8,zh-TW;q=0.7,zh-HK;q=0.5,en-US;q=0.3,en;q=0.2',
  'accept' => 'application/json, text/javascript, */*; q=0.01',
  'user-agent' => 'Mozilla/5.0 (Windows NT 10.0; WOW64; rv:60.0) Gecko/20100101 Firefox/60.0',
  'host' => '127.0.0.1',
)
[ info ] [ PARAM ] array (
  'id' => '6',
)
[ info ] [ LANG ] D:\phpStudy\WWW\pet\public/../simplewind/cmf/lang\zh-cn.php
[ info ] [ LANG ] D:\phpStudy\WWW\pet\public/../app/admin\lang\zh-cn\common.php
[ info ] [ LANG ] D:\phpStudy\WWW\pet\public/../app/portal\lang\zh-cn\common.php
[ info ] [ BEHAVIOR ] Run cmf\behavior\LangBehavior @app_begin [ RunTime:0.000887s ]
[ info ] [ LANG ] D:\phpStudy\WWW\pet\public/../app/admin\lang\zh-cn.php
[ info ] [ DB ] INIT mysql
[ info ] [ LANG ] D:\phpStudy\WWW\pet\public/../app/admin\lang\zh-cn\admin_menu.php
[ info ] [ LANG ] D:\phpStudy\WWW\pet\public/../app/admin\lang\zh-cn\admin.php
[ info ] [ LANG ] D:\phpStudy\WWW\pet\public/../app/user\lang\zh-cn\admin_menu.php
[ info ] [ LANG ] D:\phpStudy\WWW\pet\public/../data/lang/zh-cn/admin_menu.php
[ info ] [ BEHAVIOR ] Run cmf\behavior\AdminLangBehavior @admin_init [ RunTime:0.002061s ]
[ info ] [ SESSION ] INIT array (
  'id' => '',
  'var_session_id' => '',
  'prefix' => 'think',
  'type' => '',
  'auto_start' => true,
)
[ info ] [ RUN ] app\admin\controller\BlackWordsController->cancel[ D:\phpStudy\WWW\pet\app\admin\controller\BlackWordsController.php ]
[ info ] [ LOG ] INIT File
[ sql ] [ DB ] CONNECT:[ UseTime:0.010635s ] mysql:host=127.0.0.1;port=3306;dbname=pet;charset=utf8
[ sql ] [ SQL ] SHOW COLUMNS FROM `pet_option` [ RunTime:0.011691s ]
[ sql ] [ SQL ] SELECT `option_value` FROM `pet_option` WHERE  `option_name` = 'cdn_settings' LIMIT 1 [ RunTime:0.000472s ]
[ sql ] [ SQL ] SHOW COLUMNS FROM `pet_user` [ RunTime:0.007105s ]
[ sql ] [ SQL ] SELECT * FROM `pet_user` WHERE  `id` = 1 LIMIT 1 [ RunTime:0.000647s ]
[ error ] [8]Use of undefined constant IS_AJAX - assumed 'IS_AJAX'[D:\phpStudy\WWW\pet\app\admin\controller\BlackWordsController.php:42]
---------------------------------------------------------------
[ 2018-05-24T21:44:38+08:00 ] 127.0.0.1 POST /pet/public/admin/black_words/cancel.html
[ info ] 127.0.0.1/pet/public/admin/black_words/cancel.html [运行时间：0.058156s][吞吐率：17.20req/s] [内存消耗：2,389.09kb] [文件加载：72]
[ info ] [ CACHE ] INIT File
[ info ] [ BEHAVIOR ] Run cmf\behavior\InitHookBehavior @app_init [ RunTime:0.001632s ]
[ info ] [ LANG ] D:\phpStudy\WWW\pet\simplewind\thinkphp\lang\zh-cn.php
[ info ] [ ROUTE ] array (
  'type' => 'module',
  'module' => 
  array (
    0 => 'admin',
    1 => 'black_words',
    2 => 'cancel',
  ),
)
[ info ] [ HEADER ] array (
  'connection' => 'close',
  'cookie' => 'thinkphp_show_page_trace=0|0; thinkphp_show_page_trace=0|0; DUYL_2132_saltkey=tsaACafa; DUYL_2132_lastvisit=1526900871; DUYL_2132_ulastactivity=0785ozJmbPHBV1hP0RAkg%2Fb8Pyg6lPDQL2O%2BDTHTnaNXdc0GiEfK; DUYL_2132_lastcheckfeed=1%7C1526904547; DUYL_2132_nofavfid=1; DUYL_2132_home_readfeed=1526904729; admin_username=liyang; PHPSESSID=5og2rqjeep8v2draileuhk4b82',
  'content-length' => '4',
  'x-requested-with' => 'XMLHttpRequest',
  'content-type' => 'application/x-www-form-urlencoded; charset=UTF-8',
  'referer' => 'http://127.0.0.1/pet/public/admin/black_words/index.html?page=1',
  'accept-encoding' => 'gzip, deflate',
  'accept-language' => 'zh-CN,zh;q=0.8,zh-TW;q=0.7,zh-HK;q=0.5,en-US;q=0.3,en;q=0.2',
  'accept' => 'application/json, text/javascript, */*; q=0.01',
  'user-agent' => 'Mozilla/5.0 (Windows NT 10.0; WOW64; rv:60.0) Gecko/20100101 Firefox/60.0',
  'host' => '127.0.0.1',
)
[ info ] [ PARAM ] array (
  'id' => '6',
)
[ info ] [ LANG ] D:\phpStudy\WWW\pet\public/../simplewind/cmf/lang\zh-cn.php
[ info ] [ LANG ] D:\phpStudy\WWW\pet\public/../app/admin\lang\zh-cn\common.php
[ info ] [ LANG ] D:\phpStudy\WWW\pet\public/../app/portal\lang\zh-cn\common.php
[ info ] [ BEHAVIOR ] Run cmf\behavior\LangBehavior @app_begin [ RunTime:0.000849s ]
[ info ] [ LANG ] D:\phpStudy\WWW\pet\public/../app/admin\lang\zh-cn.php
[ info ] [ DB ] INIT mysql
[ info ] [ LANG ] D:\phpStudy\WWW\pet\public/../app/admin\lang\zh-cn\admin_menu.php
[ info ] [ LANG ] D:\phpStudy\WWW\pet\public/../app/admin\lang\zh-cn\admin.php
[ info ] [ LANG ] D:\phpStudy\WWW\pet\public/../app/user\lang\zh-cn\admin_menu.php
[ info ] [ LANG ] D:\phpStudy\WWW\pet\public/../data/lang/zh-cn/admin_menu.php
[ info ] [ BEHAVIOR ] Run cmf\behavior\AdminLangBehavior @admin_init [ RunTime:0.001956s ]
[ info ] [ SESSION ] INIT array (
  'id' => '',
  'var_session_id' => '',
  'prefix' => 'think',
  'type' => '',
  'auto_start' => true,
)
[ info ] [ RUN ] app\admin\controller\BlackWordsController->cancel[ D:\phpStudy\WWW\pet\app\admin\controller\BlackWordsController.php ]
[ info ] [ LOG ] INIT File
[ sql ] [ DB ] CONNECT:[ UseTime:0.003518s ] mysql:host=127.0.0.1;port=3306;dbname=pet;charset=utf8
[ sql ] [ SQL ] SHOW COLUMNS FROM `pet_option` [ RunTime:0.012464s ]
[ sql ] [ SQL ] SELECT `option_value` FROM `pet_option` WHERE  `option_name` = 'cdn_settings' LIMIT 1 [ RunTime:0.000441s ]
[ sql ] [ SQL ] SHOW COLUMNS FROM `pet_user` [ RunTime:0.006408s ]
[ sql ] [ SQL ] SELECT * FROM `pet_user` WHERE  `id` = 1 LIMIT 1 [ RunTime:0.000529s ]
[ error ] [1]Class 'app\admin\controller\Request' not found[D:\phpStudy\WWW\pet\app\admin\controller\BlackWordsController.php:43]
---------------------------------------------------------------
[ 2018-05-24T21:45:01+08:00 ] 127.0.0.1 POST /pet/public/admin/black_words/cancel.html
[ info ] 127.0.0.1/pet/public/admin/black_words/cancel.html [运行时间：0.069557s][吞吐率：14.38req/s] [内存消耗：2,389.09kb] [文件加载：72]
[ info ] [ CACHE ] INIT File
[ info ] [ BEHAVIOR ] Run cmf\behavior\InitHookBehavior @app_init [ RunTime:0.003066s ]
[ info ] [ LANG ] D:\phpStudy\WWW\pet\simplewind\thinkphp\lang\zh-cn.php
[ info ] [ ROUTE ] array (
  'type' => 'module',
  'module' => 
  array (
    0 => 'admin',
    1 => 'black_words',
    2 => 'cancel',
  ),
)
[ info ] [ HEADER ] array (
  'connection' => 'close',
  'cookie' => 'thinkphp_show_page_trace=0|0; thinkphp_show_page_trace=0|0; DUYL_2132_saltkey=tsaACafa; DUYL_2132_lastvisit=1526900871; DUYL_2132_ulastactivity=0785ozJmbPHBV1hP0RAkg%2Fb8Pyg6lPDQL2O%2BDTHTnaNXdc0GiEfK; DUYL_2132_lastcheckfeed=1%7C1526904547; DUYL_2132_nofavfid=1; DUYL_2132_home_readfeed=1526904729; admin_username=liyang; PHPSESSID=5og2rqjeep8v2draileuhk4b82',
  'content-length' => '4',
  'x-requested-with' => 'XMLHttpRequest',
  'content-type' => 'application/x-www-form-urlencoded; charset=UTF-8',
  'referer' => 'http://127.0.0.1/pet/public/admin/black_words/index.html?page=1',
  'accept-encoding' => 'gzip, deflate',
  'accept-language' => 'zh-CN,zh;q=0.8,zh-TW;q=0.7,zh-HK;q=0.5,en-US;q=0.3,en;q=0.2',
  'accept' => 'application/json, text/javascript, */*; q=0.01',
  'user-agent' => 'Mozilla/5.0 (Windows NT 10.0; WOW64; rv:60.0) Gecko/20100101 Firefox/60.0',
  'host' => '127.0.0.1',
)
[ info ] [ PARAM ] array (
  'id' => '6',
)
[ info ] [ LANG ] D:\phpStudy\WWW\pet\public/../simplewind/cmf/lang\zh-cn.php
[ info ] [ LANG ] D:\phpStudy\WWW\pet\public/../app/admin\lang\zh-cn\common.php
[ info ] [ LANG ] D:\phpStudy\WWW\pet\public/../app/portal\lang\zh-cn\common.php
[ info ] [ BEHAVIOR ] Run cmf\behavior\LangBehavior @app_begin [ RunTime:0.001228s ]
[ info ] [ LANG ] D:\phpStudy\WWW\pet\public/../app/admin\lang\zh-cn.php
[ info ] [ DB ] INIT mysql
[ info ] [ LANG ] D:\phpStudy\WWW\pet\public/../app/admin\lang\zh-cn\admin_menu.php
[ info ] [ LANG ] D:\phpStudy\WWW\pet\public/../app/admin\lang\zh-cn\admin.php
[ info ] [ LANG ] D:\phpStudy\WWW\pet\public/../app/user\lang\zh-cn\admin_menu.php
[ info ] [ LANG ] D:\phpStudy\WWW\pet\public/../data/lang/zh-cn/admin_menu.php
[ info ] [ BEHAVIOR ] Run cmf\behavior\AdminLangBehavior @admin_init [ RunTime:0.001986s ]
[ info ] [ SESSION ] INIT array (
  'id' => '',
  'var_session_id' => '',
  'prefix' => 'think',
  'type' => '',
  'auto_start' => true,
)
[ info ] [ RUN ] app\admin\controller\BlackWordsController->cancel[ D:\phpStudy\WWW\pet\app\admin\controller\BlackWordsController.php ]
[ info ] [ LOG ] INIT File
[ sql ] [ DB ] CONNECT:[ UseTime:0.010906s ] mysql:host=127.0.0.1;port=3306;dbname=pet;charset=utf8
[ sql ] [ SQL ] SHOW COLUMNS FROM `pet_option` [ RunTime:0.011902s ]
[ sql ] [ SQL ] SELECT `option_value` FROM `pet_option` WHERE  `option_name` = 'cdn_settings' LIMIT 1 [ RunTime:0.000381s ]
[ sql ] [ SQL ] SHOW COLUMNS FROM `pet_user` [ RunTime:0.007183s ]
[ sql ] [ SQL ] SELECT * FROM `pet_user` WHERE  `id` = 1 LIMIT 1 [ RunTime:0.000483s ]
[ error ] [1]Class 'app\admin\controller\Request' not found[D:\phpStudy\WWW\pet\app\admin\controller\BlackWordsController.php:43]
---------------------------------------------------------------
[ 2018-05-24T21:45:13+08:00 ] 127.0.0.1 POST /pet/public/admin/black_words/cancel.html
[ info ] 127.0.0.1/pet/public/admin/black_words/cancel.html [运行时间：0.056675s][吞吐率：17.64req/s] [内存消耗：2,344.91kb] [文件加载：68]
[ info ] [ CACHE ] INIT File
[ info ] [ BEHAVIOR ] Run cmf\behavior\InitHookBehavior @app_init [ RunTime:0.001623s ]
[ info ] [ LANG ] D:\phpStudy\WWW\pet\simplewind\thinkphp\lang\zh-cn.php
[ info ] [ ROUTE ] array (
  'type' => 'module',
  'module' => 
  array (
    0 => 'admin',
    1 => 'black_words',
    2 => 'cancel',
  ),
)
[ info ] [ HEADER ] array (
  'connection' => 'close',
  'cookie' => 'thinkphp_show_page_trace=0|0; thinkphp_show_page_trace=0|0; DUYL_2132_saltkey=tsaACafa; DUYL_2132_lastvisit=1526900871; DUYL_2132_ulastactivity=0785ozJmbPHBV1hP0RAkg%2Fb8Pyg6lPDQL2O%2BDTHTnaNXdc0GiEfK; DUYL_2132_lastcheckfeed=1%7C1526904547; DUYL_2132_nofavfid=1; DUYL_2132_home_readfeed=1526904729; admin_username=liyang; PHPSESSID=5og2rqjeep8v2draileuhk4b82',
  'content-length' => '4',
  'x-requested-with' => 'XMLHttpRequest',
  'content-type' => 'application/x-www-form-urlencoded; charset=UTF-8',
  'referer' => 'http://127.0.0.1/pet/public/admin/black_words/index.html?page=1',
  'accept-encoding' => 'gzip, deflate',
  'accept-language' => 'zh-CN,zh;q=0.8,zh-TW;q=0.7,zh-HK;q=0.5,en-US;q=0.3,en;q=0.2',
  'accept' => 'application/json, text/javascript, */*; q=0.01',
  'user-agent' => 'Mozilla/5.0 (Windows NT 10.0; WOW64; rv:60.0) Gecko/20100101 Firefox/60.0',
  'host' => '127.0.0.1',
)
[ info ] [ PARAM ] array (
  'id' => '6',
)
[ info ] [ LANG ] D:\phpStudy\WWW\pet\public/../simplewind/cmf/lang\zh-cn.php
[ info ] [ LANG ] D:\phpStudy\WWW\pet\public/../app/admin\lang\zh-cn\common.php
[ info ] [ LANG ] D:\phpStudy\WWW\pet\public/../app/portal\lang\zh-cn\common.php
[ info ] [ BEHAVIOR ] Run cmf\behavior\LangBehavior @app_begin [ RunTime:0.000874s ]
[ info ] [ LANG ] D:\phpStudy\WWW\pet\public/../app/admin\lang\zh-cn.php
[ info ] [ DB ] INIT mysql
[ info ] [ LANG ] D:\phpStudy\WWW\pet\public/../app/admin\lang\zh-cn\admin_menu.php
[ info ] [ LANG ] D:\phpStudy\WWW\pet\public/../app/admin\lang\zh-cn\admin.php
[ info ] [ LANG ] D:\phpStudy\WWW\pet\public/../app/user\lang\zh-cn\admin_menu.php
[ info ] [ LANG ] D:\phpStudy\WWW\pet\public/../data/lang/zh-cn/admin_menu.php
[ info ] [ BEHAVIOR ] Run cmf\behavior\AdminLangBehavior @admin_init [ RunTime:0.002051s ]
[ info ] [ SESSION ] INIT array (
  'id' => '',
  'var_session_id' => '',
  'prefix' => 'think',
  'type' => '',
  'auto_start' => true,
)
[ info ] [ RUN ] app\admin\controller\BlackWordsController->cancel[ D:\phpStudy\WWW\pet\app\admin\controller\BlackWordsController.php ]
[ info ] [ LOG ] INIT File
[ sql ] [ DB ] CONNECT:[ UseTime:0.001720s ] mysql:host=127.0.0.1;port=3306;dbname=pet;charset=utf8
[ sql ] [ SQL ] SHOW COLUMNS FROM `pet_option` [ RunTime:0.013381s ]
[ sql ] [ SQL ] SELECT `option_value` FROM `pet_option` WHERE  `option_name` = 'cdn_settings' LIMIT 1 [ RunTime:0.000482s ]
[ sql ] [ SQL ] SHOW COLUMNS FROM `pet_user` [ RunTime:0.007791s ]
[ sql ] [ SQL ] SELECT * FROM `pet_user` WHERE  `id` = 1 LIMIT 1 [ RunTime:0.000548s ]
---------------------------------------------------------------
[ 2018-05-24T22:51:10+08:00 ] 127.0.0.1 GET /pet/public/admin/black_words/index.html?page=1
[ info ] 127.0.0.1/pet/public/admin/black_words/index.html?page=1 [运行时间：0.097049s][吞吐率：10.30req/s] [内存消耗：2,909.66kb] [文件加载：79]
[ info ] [ CACHE ] INIT File
[ info ] [ BEHAVIOR ] Run cmf\behavior\InitHookBehavior @app_init [ RunTime:0.002553s ]
[ info ] [ LANG ] D:\phpStudy\WWW\pet\simplewind\thinkphp\lang\zh-cn.php
[ info ] [ ROUTE ] array (
  'type' => 'module',
  'module' => 
  array (
    0 => 'admin',
    1 => 'black_words',
    2 => 'index',
  ),
)
[ info ] [ HEADER ] array (
  'cache-control' => 'max-age=0',
  'upgrade-insecure-requests' => '1',
  'connection' => 'close',
  'cookie' => 'thinkphp_show_page_trace=0|0; thinkphp_show_page_trace=0|0; DUYL_2132_saltkey=tsaACafa; DUYL_2132_lastvisit=1526900871; DUYL_2132_ulastactivity=0785ozJmbPHBV1hP0RAkg%2Fb8Pyg6lPDQL2O%2BDTHTnaNXdc0GiEfK; DUYL_2132_lastcheckfeed=1%7C1526904547; DUYL_2132_nofavfid=1; DUYL_2132_home_readfeed=1526904729; admin_username=liyang; PHPSESSID=5og2rqjeep8v2draileuhk4b82',
  'referer' => 'http://127.0.0.1/pet/public/admin/black_words/index.html?page=2',
  'accept-encoding' => 'gzip, deflate',
  'accept-language' => 'zh-CN,zh;q=0.8,zh-TW;q=0.7,zh-HK;q=0.5,en-US;q=0.3,en;q=0.2',
  'accept' => 'text/html,application/xhtml+xml,application/xml;q=0.9,*/*;q=0.8',
  'user-agent' => 'Mozilla/5.0 (Windows NT 10.0; WOW64; rv:60.0) Gecko/20100101 Firefox/60.0',
  'host' => '127.0.0.1',
)
[ info ] [ PARAM ] array (
  'page' => '1',
)
[ info ] [ LANG ] D:\phpStudy\WWW\pet\public/../simplewind/cmf/lang\zh-cn.php
[ info ] [ LANG ] D:\phpStudy\WWW\pet\public/../app/admin\lang\zh-cn\common.php
[ info ] [ LANG ] D:\phpStudy\WWW\pet\public/../app/portal\lang\zh-cn\common.php
[ info ] [ BEHAVIOR ] Run cmf\behavior\LangBehavior @app_begin [ RunTime:0.001460s ]
[ info ] [ LANG ] D:\phpStudy\WWW\pet\public/../app/admin\lang\zh-cn.php
[ info ] [ DB ] INIT mysql
[ info ] [ LANG ] D:\phpStudy\WWW\pet\public/../app/admin\lang\zh-cn\admin_menu.php
[ info ] [ LANG ] D:\phpStudy\WWW\pet\public/../app/admin\lang\zh-cn\admin.php
[ info ] [ LANG ] D:\phpStudy\WWW\pet\public/../app/user\lang\zh-cn\admin_menu.php
[ info ] [ LANG ] D:\phpStudy\WWW\pet\public/../data/lang/zh-cn/admin_menu.php
[ info ] [ BEHAVIOR ] Run cmf\behavior\AdminLangBehavior @admin_init [ RunTime:0.002168s ]
[ info ] [ SESSION ] INIT array (
  'id' => '',
  'var_session_id' => '',
  'prefix' => 'think',
  'type' => '',
  'auto_start' => true,
)
[ info ] [ RUN ] app\admin\controller\BlackWordsController->index[ D:\phpStudy\WWW\pet\app\admin\controller\BlackWordsController.php ]
[ info ] [ VIEW ] themes/admin_simpleboot3/admin\black_words\index.html [ array (
  0 => 'admin',
  1 => 'list',
  2 => 'page',
) ]
[ info ] [ LOG ] INIT File
[ sql ] [ DB ] CONNECT:[ UseTime:0.015090s ] mysql:host=127.0.0.1;port=3306;dbname=pet;charset=utf8
[ sql ] [ SQL ] SHOW COLUMNS FROM `pet_option` [ RunTime:0.012883s ]
[ sql ] [ SQL ] SELECT `option_value` FROM `pet_option` WHERE  `option_name` = 'cdn_settings' LIMIT 1 [ RunTime:0.000411s ]
[ sql ] [ SQL ] SHOW COLUMNS FROM `pet_user` [ RunTime:0.006476s ]
[ sql ] [ SQL ] SELECT * FROM `pet_user` WHERE  `id` = 1 LIMIT 1 [ RunTime:0.000565s ]
[ sql ] [ SQL ] SHOW COLUMNS FROM `pet_black_words` [ RunTime:0.007038s ]
[ sql ] [ SQL ] SELECT COUNT(*) AS tp_count FROM `pet_black_words` WHERE  `status` = 1 LIMIT 1 [ RunTime:0.000402s ]
[ sql ] [ SQL ] SELECT `id`,`word` FROM `pet_black_words` WHERE  `status` = 1 ORDER BY `id` DESC LIMIT 0,2 [ RunTime:0.000348s ]
[ sql ] [ SQL ] SELECT `option_value` FROM `pet_option` WHERE  `option_name` = 'admin_settings' LIMIT 1 [ RunTime:0.000423s ]
---------------------------------------------------------------
[ 2018-05-24T22:51:14+08:00 ] 127.0.0.1 POST /pet/public/admin/black_words/cancel.html
[ info ] 127.0.0.1/pet/public/admin/black_words/cancel.html [运行时间：0.073983s][吞吐率：13.52req/s] [内存消耗：2,603.69kb] [文件加载：70]
[ info ] [ CACHE ] INIT File
[ info ] [ BEHAVIOR ] Run cmf\behavior\InitHookBehavior @app_init [ RunTime:0.001703s ]
[ info ] [ LANG ] D:\phpStudy\WWW\pet\simplewind\thinkphp\lang\zh-cn.php
[ info ] [ ROUTE ] array (
  'type' => 'module',
  'module' => 
  array (
    0 => 'admin',
    1 => 'black_words',
    2 => 'cancel',
  ),
)
[ info ] [ HEADER ] array (
  'connection' => 'close',
  'cookie' => 'thinkphp_show_page_trace=0|0; thinkphp_show_page_trace=0|0; DUYL_2132_saltkey=tsaACafa; DUYL_2132_lastvisit=1526900871; DUYL_2132_ulastactivity=0785ozJmbPHBV1hP0RAkg%2Fb8Pyg6lPDQL2O%2BDTHTnaNXdc0GiEfK; DUYL_2132_lastcheckfeed=1%7C1526904547; DUYL_2132_nofavfid=1; DUYL_2132_home_readfeed=1526904729; admin_username=liyang; PHPSESSID=5og2rqjeep8v2draileuhk4b82',
  'content-length' => '4',
  'x-requested-with' => 'XMLHttpRequest',
  'content-type' => 'application/x-www-form-urlencoded; charset=UTF-8',
  'referer' => 'http://127.0.0.1/pet/public/admin/black_words/index.html?page=1',
  'accept-encoding' => 'gzip, deflate',
  'accept-language' => 'zh-CN,zh;q=0.8,zh-TW;q=0.7,zh-HK;q=0.5,en-US;q=0.3,en;q=0.2',
  'accept' => 'application/json, text/javascript, */*; q=0.01',
  'user-agent' => 'Mozilla/5.0 (Windows NT 10.0; WOW64; rv:60.0) Gecko/20100101 Firefox/60.0',
  'host' => '127.0.0.1',
)
[ info ] [ PARAM ] array (
  'id' => '6',
)
[ info ] [ LANG ] D:\phpStudy\WWW\pet\public/../simplewind/cmf/lang\zh-cn.php
[ info ] [ LANG ] D:\phpStudy\WWW\pet\public/../app/admin\lang\zh-cn\common.php
[ info ] [ LANG ] D:\phpStudy\WWW\pet\public/../app/portal\lang\zh-cn\common.php
[ info ] [ BEHAVIOR ] Run cmf\behavior\LangBehavior @app_begin [ RunTime:0.000852s ]
[ info ] [ LANG ] D:\phpStudy\WWW\pet\public/../app/admin\lang\zh-cn.php
[ info ] [ DB ] INIT mysql
[ info ] [ LANG ] D:\phpStudy\WWW\pet\public/../app/admin\lang\zh-cn\admin_menu.php
[ info ] [ LANG ] D:\phpStudy\WWW\pet\public/../app/admin\lang\zh-cn\admin.php
[ info ] [ LANG ] D:\phpStudy\WWW\pet\public/../app/user\lang\zh-cn\admin_menu.php
[ info ] [ LANG ] D:\phpStudy\WWW\pet\public/../data/lang/zh-cn/admin_menu.php
[ info ] [ BEHAVIOR ] Run cmf\behavior\AdminLangBehavior @admin_init [ RunTime:0.001582s ]
[ info ] [ SESSION ] INIT array (
  'id' => '',
  'var_session_id' => '',
  'prefix' => 'think',
  'type' => '',
  'auto_start' => true,
)
[ info ] [ RUN ] app\admin\controller\BlackWordsController->cancel[ D:\phpStudy\WWW\pet\app\admin\controller\BlackWordsController.php ]
[ info ] [ LOG ] INIT File
[ sql ] [ DB ] CONNECT:[ UseTime:0.010265s ] mysql:host=127.0.0.1;port=3306;dbname=pet;charset=utf8
[ sql ] [ SQL ] SHOW COLUMNS FROM `pet_option` [ RunTime:0.010983s ]
[ sql ] [ SQL ] SELECT `option_value` FROM `pet_option` WHERE  `option_name` = 'cdn_settings' LIMIT 1 [ RunTime:0.000377s ]
[ sql ] [ SQL ] SHOW COLUMNS FROM `pet_user` [ RunTime:0.006960s ]
[ sql ] [ SQL ] SELECT * FROM `pet_user` WHERE  `id` = 1 LIMIT 1 [ RunTime:0.000475s ]
[ sql ] [ SQL ] SHOW COLUMNS FROM `pet_black_words` [ RunTime:0.007081s ]
[ sql ] [ SQL ] UPDATE `pet_black_words`  SET `status`=2  WHERE  `id` = 6 [ RunTime:0.000497s ]
---------------------------------------------------------------
[ 2018-05-24T22:51:14+08:00 ] 127.0.0.1 GET /pet/public/admin/black_words/index.html?page=1
[ info ] 127.0.0.1/pet/public/admin/black_words/index.html?page=1 [运行时间：0.092862s][吞吐率：10.77req/s] [内存消耗：2,909.78kb] [文件加载：79]
[ info ] [ CACHE ] INIT File
[ info ] [ BEHAVIOR ] Run cmf\behavior\InitHookBehavior @app_init [ RunTime:0.003968s ]
[ info ] [ LANG ] D:\phpStudy\WWW\pet\simplewind\thinkphp\lang\zh-cn.php
[ info ] [ ROUTE ] array (
  'type' => 'module',
  'module' => 
  array (
    0 => 'admin',
    1 => 'black_words',
    2 => 'index',
  ),
)
[ info ] [ HEADER ] array (
  'cache-control' => 'max-age=0',
  'upgrade-insecure-requests' => '1',
  'connection' => 'close',
  'cookie' => 'thinkphp_show_page_trace=0|0; thinkphp_show_page_trace=0|0; DUYL_2132_saltkey=tsaACafa; DUYL_2132_lastvisit=1526900871; DUYL_2132_ulastactivity=0785ozJmbPHBV1hP0RAkg%2Fb8Pyg6lPDQL2O%2BDTHTnaNXdc0GiEfK; DUYL_2132_lastcheckfeed=1%7C1526904547; DUYL_2132_nofavfid=1; DUYL_2132_home_readfeed=1526904729; admin_username=liyang; PHPSESSID=5og2rqjeep8v2draileuhk4b82',
  'referer' => 'http://127.0.0.1/pet/public/admin/black_words/index.html?page=2',
  'accept-encoding' => 'gzip, deflate',
  'accept-language' => 'zh-CN,zh;q=0.8,zh-TW;q=0.7,zh-HK;q=0.5,en-US;q=0.3,en;q=0.2',
  'accept' => 'text/html,application/xhtml+xml,application/xml;q=0.9,*/*;q=0.8',
  'user-agent' => 'Mozilla/5.0 (Windows NT 10.0; WOW64; rv:60.0) Gecko/20100101 Firefox/60.0',
  'host' => '127.0.0.1',
)
[ info ] [ PARAM ] array (
  'page' => '1',
)
[ info ] [ LANG ] D:\phpStudy\WWW\pet\public/../simplewind/cmf/lang\zh-cn.php
[ info ] [ LANG ] D:\phpStudy\WWW\pet\public/../app/admin\lang\zh-cn\common.php
[ info ] [ LANG ] D:\phpStudy\WWW\pet\public/../app/portal\lang\zh-cn\common.php
[ info ] [ BEHAVIOR ] Run cmf\behavior\LangBehavior @app_begin [ RunTime:0.000939s ]
[ info ] [ LANG ] D:\phpStudy\WWW\pet\public/../app/admin\lang\zh-cn.php
[ info ] [ DB ] INIT mysql
[ info ] [ LANG ] D:\phpStudy\WWW\pet\public/../app/admin\lang\zh-cn\admin_menu.php
[ info ] [ LANG ] D:\phpStudy\WWW\pet\public/../app/admin\lang\zh-cn\admin.php
[ info ] [ LANG ] D:\phpStudy\WWW\pet\public/../app/user\lang\zh-cn\admin_menu.php
[ info ] [ LANG ] D:\phpStudy\WWW\pet\public/../data/lang/zh-cn/admin_menu.php
[ info ] [ BEHAVIOR ] Run cmf\behavior\AdminLangBehavior @admin_init [ RunTime:0.001866s ]
[ info ] [ SESSION ] INIT array (
  'id' => '',
  'var_session_id' => '',
  'prefix' => 'think',
  'type' => '',
  'auto_start' => true,
)
[ info ] [ RUN ] app\admin\controller\BlackWordsController->index[ D:\phpStudy\WWW\pet\app\admin\controller\BlackWordsController.php ]
[ info ] [ VIEW ] themes/admin_simpleboot3/admin\black_words\index.html [ array (
  0 => 'admin',
  1 => 'list',
  2 => 'page',
) ]
[ info ] [ LOG ] INIT File
[ sql ] [ DB ] CONNECT:[ UseTime:0.011667s ] mysql:host=127.0.0.1;port=3306;dbname=pet;charset=utf8
[ sql ] [ SQL ] SHOW COLUMNS FROM `pet_option` [ RunTime:0.011550s ]
[ sql ] [ SQL ] SELECT `option_value` FROM `pet_option` WHERE  `option_name` = 'cdn_settings' LIMIT 1 [ RunTime:0.000392s ]
[ sql ] [ SQL ] SHOW COLUMNS FROM `pet_user` [ RunTime:0.009767s ]
[ sql ] [ SQL ] SELECT * FROM `pet_user` WHERE  `id` = 1 LIMIT 1 [ RunTime:0.000549s ]
[ sql ] [ SQL ] SHOW COLUMNS FROM `pet_black_words` [ RunTime:0.006772s ]
[ sql ] [ SQL ] SELECT COUNT(*) AS tp_count FROM `pet_black_words` WHERE  `status` = 1 LIMIT 1 [ RunTime:0.000375s ]
[ sql ] [ SQL ] SELECT `id`,`word` FROM `pet_black_words` WHERE  `status` = 1 ORDER BY `id` DESC LIMIT 0,2 [ RunTime:0.000335s ]
[ sql ] [ SQL ] SELECT `option_value` FROM `pet_option` WHERE  `option_name` = 'admin_settings' LIMIT 1 [ RunTime:0.000441s ]
